mode: set
xiandeng.net.cn/server/cmd/migration/main.go:12.13,20.16 7 0
xiandeng.net.cn/server/cmd/migration/main.go:20.16,22.3 1 0
xiandeng.net.cn/server/cmd/migration/main.go:23.2,23.63 1 0
xiandeng.net.cn/server/cmd/migration/main.go:23.63,24.13 1 0
xiandeng.net.cn/server/main.go:16.66,19.2 2 0
xiandeng.net.cn/server/main.go:38.13,62.16 9 0
xiandeng.net.cn/server/main.go:62.16,63.13 1 0
xiandeng.net.cn/server/main.go:68.2,68.31 1 0
xiandeng.net.cn/server/main.go:68.31,69.13 1 0
xiandeng.net.cn/server/cmd/schedule/main.go:19.13,29.16 8 0
xiandeng.net.cn/server/cmd/schedule/main.go:29.16,30.13 1 0
xiandeng.net.cn/server/cmd/schedule/main.go:32.2,34.6 3 0
xiandeng.net.cn/server/cmd/schedule/main.go:34.6,36.3 1 0
xiandeng.net.cn/server/cmd/server/main.go:16.66,19.2 2 0
xiandeng.net.cn/server/cmd/server/main.go:38.13,62.16 9 0
xiandeng.net.cn/server/cmd/server/main.go:62.16,63.13 1 0
xiandeng.net.cn/server/cmd/server/main.go:68.2,68.31 1 0
xiandeng.net.cn/server/cmd/server/main.go:68.31,69.13 1 0
xiandeng.net.cn/server/cmd/schedule/wire/wire_gen.go:19.100,21.16 2 0
xiandeng.net.cn/server/cmd/schedule/wire/wire_gen.go:21.16,23.3 1 0
xiandeng.net.cn/server/cmd/schedule/wire/wire_gen.go:24.2,26.27 3 0
xiandeng.net.cn/server/cmd/schedule/wire/wire_gen.go:26.28,27.3 0 0
xiandeng.net.cn/server/cmd/server/wire/wire_gen.go:33.95,35.16 2 0
xiandeng.net.cn/server/cmd/server/wire/wire_gen.go:35.16,37.3 1 0
xiandeng.net.cn/server/cmd/server/wire/wire_gen.go:38.2,113.16 55 0
xiandeng.net.cn/server/cmd/server/wire/wire_gen.go:113.16,115.3 1 0
xiandeng.net.cn/server/cmd/server/wire/wire_gen.go:116.2,116.27 1 0
xiandeng.net.cn/server/cmd/server/wire/wire_gen.go:116.28,117.3 0 0
xiandeng.net.cn/server/cmd/task/main.go:17.13,27.16 8 0
xiandeng.net.cn/server/cmd/task/main.go:27.16,28.13 1 0
xiandeng.net.cn/server/cmd/task/main.go:30.2,31.18 2 0
xiandeng.net.cn/server/cmd/task/wire/wire_gen.go:19.98,21.16 2 0
xiandeng.net.cn/server/cmd/task/wire/wire_gen.go:21.16,23.3 1 0
xiandeng.net.cn/server/cmd/task/wire/wire_gen.go:24.2,26.28 3 0
xiandeng.net.cn/server/cmd/task/wire/wire_gen.go:26.29,27.3 0 0
xiandeng.net.cn/server/db/db.go:41.56,45.16 3 0
xiandeng.net.cn/server/db/db.go:45.16,46.13 1 0
xiandeng.net.cn/server/db/db.go:49.2,49.38 1 0
xiandeng.net.cn/server/db/db.go:49.38,50.13 1 0
xiandeng.net.cn/server/db/db.go:53.2,53.18 1 0
xiandeng.net.cn/server/db/repository.go:34.51,36.2 1 0
xiandeng.net.cn/server/db/repository.go:38.67,40.2 1 0
xiandeng.net.cn/server/db/transactions.go:189.93,193.16 4 0
xiandeng.net.cn/server/db/transactions.go:193.16,195.3 1 0
xiandeng.net.cn/server/db/transactions.go:196.2,197.21 2 0
xiandeng.net.cn/server/db/transactions.go:207.9,209.16 2 0
xiandeng.net.cn/server/db/transactions.go:209.16,211.3 1 0
xiandeng.net.cn/server/db/transactions.go:212.2,218.16 3 0
xiandeng.net.cn/server/db/transactions.go:218.16,220.3 1 0
xiandeng.net.cn/server/db/transactions.go:222.2,231.16 4 0
xiandeng.net.cn/server/db/transactions.go:231.16,233.3 1 0
xiandeng.net.cn/server/db/transactions.go:235.2,235.23 1 0
xiandeng.net.cn/server/constants/types.go:46.42,49.2 2 0
xiandeng.net.cn/server/db/migration/main.go:16.55,18.16 2 0
xiandeng.net.cn/server/db/migration/main.go:18.16,19.13 1 0
xiandeng.net.cn/server/db/migration/main.go:21.2,22.16 2 0
xiandeng.net.cn/server/db/migration/main.go:22.16,23.13 1 0
xiandeng.net.cn/server/db/migration/main.go:25.2,29.16 2 0
xiandeng.net.cn/server/db/migration/main.go:29.16,30.13 1 0
xiandeng.net.cn/server/db/migration/main.go:32.2,32.10 1 0
xiandeng.net.cn/server/docs/docs.go:1891.13,1893.2 1 0
xiandeng.net.cn/server/db/models/copyfrom.go:18.50,19.22 1 0
xiandeng.net.cn/server/db/models/copyfrom.go:19.22,21.3 1 0
xiandeng.net.cn/server/db/models/copyfrom.go:22.2,22.29 1 0
xiandeng.net.cn/server/db/models/copyfrom.go:22.29,25.3 2 0
xiandeng.net.cn/server/db/models/copyfrom.go:26.2,27.24 2 0
xiandeng.net.cn/server/db/models/copyfrom.go:30.69,35.2 1 0
xiandeng.net.cn/server/db/models/copyfrom.go:37.49,39.2 1 0
xiandeng.net.cn/server/db/models/copyfrom.go:41.100,43.2 1 0
xiandeng.net.cn/server/db/models/copyfrom.go:51.49,52.22 1 0
xiandeng.net.cn/server/db/models/copyfrom.go:52.22,54.3 1 0
xiandeng.net.cn/server/db/models/copyfrom.go:55.2,55.29 1 0
xiandeng.net.cn/server/db/models/copyfrom.go:55.29,58.3 2 0
xiandeng.net.cn/server/db/models/copyfrom.go:59.2,60.24 2 0
xiandeng.net.cn/server/db/models/copyfrom.go:63.68,80.2 1 0
xiandeng.net.cn/server/db/models/copyfrom.go:82.48,84.2 1 0
xiandeng.net.cn/server/db/models/copyfrom.go:86.98,88.2 1 0
xiandeng.net.cn/server/db/models/custom.go:13.40,14.11 1 0
xiandeng.net.cn/server/db/models/custom.go:15.15,16.18 1 0
xiandeng.net.cn/server/db/models/custom.go:17.15,18.15 1 0
xiandeng.net.cn/server/db/models/custom.go:19.15,20.15 1 0
xiandeng.net.cn/server/db/models/custom.go:21.10,22.50 1 0
xiandeng.net.cn/server/db/models/custom.go:61.110,81.16 2 0
xiandeng.net.cn/server/db/models/custom.go:81.16,83.3 1 0
xiandeng.net.cn/server/db/models/custom.go:84.2,86.18 3 0
xiandeng.net.cn/server/db/models/custom.go:86.18,100.17 2 0
xiandeng.net.cn/server/db/models/custom.go:100.17,102.4 1 0
xiandeng.net.cn/server/db/models/custom.go:103.3,103.27 1 0
xiandeng.net.cn/server/db/models/custom.go:105.2,105.35 1 0
xiandeng.net.cn/server/db/models/custom.go:105.35,107.3 1 0
xiandeng.net.cn/server/db/models/custom.go:108.2,108.19 1 0
xiandeng.net.cn/server/db/models/custom.go:133.138,146.2 4 0
xiandeng.net.cn/server/db/models/custom.go:201.104,213.16 2 0
xiandeng.net.cn/server/db/models/custom.go:213.16,215.3 1 0
xiandeng.net.cn/server/db/models/custom.go:216.2,218.18 3 0
xiandeng.net.cn/server/db/models/custom.go:218.18,229.17 2 0
xiandeng.net.cn/server/db/models/custom.go:229.17,231.4 1 0
xiandeng.net.cn/server/db/models/custom.go:232.3,232.27 1 0
xiandeng.net.cn/server/db/models/custom.go:234.2,234.35 1 0
xiandeng.net.cn/server/db/models/custom.go:234.35,236.3 1 0
xiandeng.net.cn/server/db/models/custom.go:237.2,237.19 1 0
xiandeng.net.cn/server/db/models/custom.go:317.146,328.16 2 0
xiandeng.net.cn/server/db/models/custom.go:328.16,330.3 1 0
xiandeng.net.cn/server/db/models/custom.go:331.2,333.18 3 0
xiandeng.net.cn/server/db/models/custom.go:333.18,344.17 2 0
xiandeng.net.cn/server/db/models/custom.go:344.17,346.4 1 0
xiandeng.net.cn/server/db/models/custom.go:347.3,347.27 1 0
xiandeng.net.cn/server/db/models/custom.go:349.2,349.35 1 0
xiandeng.net.cn/server/db/models/custom.go:349.35,351.3 1 0
xiandeng.net.cn/server/db/models/custom.go:352.2,352.19 1 0
xiandeng.net.cn/server/db/models/custom.go:412.110,421.16 2 0
xiandeng.net.cn/server/db/models/custom.go:421.16,423.3 1 0
xiandeng.net.cn/server/db/models/custom.go:424.2,426.18 3 0
xiandeng.net.cn/server/db/models/custom.go:426.18,435.17 2 0
xiandeng.net.cn/server/db/models/custom.go:435.17,437.4 1 0
xiandeng.net.cn/server/db/models/custom.go:438.3,438.27 1 0
xiandeng.net.cn/server/db/models/custom.go:440.2,440.35 1 0
xiandeng.net.cn/server/db/models/custom.go:440.35,442.3 1 0
xiandeng.net.cn/server/db/models/custom.go:443.2,443.19 1 0
xiandeng.net.cn/server/db/models/custom.go:487.143,489.16 2 0
xiandeng.net.cn/server/db/models/custom.go:489.16,491.3 1 0
xiandeng.net.cn/server/db/models/custom.go:492.2,494.18 3 0
xiandeng.net.cn/server/db/models/custom.go:494.18,503.17 2 0
xiandeng.net.cn/server/db/models/custom.go:503.17,505.4 1 0
xiandeng.net.cn/server/db/models/custom.go:506.3,506.27 1 0
xiandeng.net.cn/server/db/models/custom.go:508.2,508.35 1 0
xiandeng.net.cn/server/db/models/custom.go:508.35,510.3 1 0
xiandeng.net.cn/server/db/models/custom.go:511.2,511.19 1 0
xiandeng.net.cn/server/db/models/custom.go:539.138,553.2 4 0
xiandeng.net.cn/server/db/models/custom.go:591.151,593.16 2 0
xiandeng.net.cn/server/db/models/custom.go:593.16,595.3 1 0
xiandeng.net.cn/server/db/models/custom.go:596.2,598.18 3 0
xiandeng.net.cn/server/db/models/custom.go:598.18,618.17 2 0
xiandeng.net.cn/server/db/models/custom.go:618.17,620.4 1 0
xiandeng.net.cn/server/db/models/custom.go:621.3,621.27 1 0
xiandeng.net.cn/server/db/models/custom.go:623.2,623.35 1 0
xiandeng.net.cn/server/db/models/custom.go:623.35,625.3 1 0
xiandeng.net.cn/server/db/models/custom.go:626.2,626.19 1 0
xiandeng.net.cn/server/db/models/custom.go:638.123,641.18 3 0
xiandeng.net.cn/server/db/models/custom.go:641.18,646.17 2 0
xiandeng.net.cn/server/db/models/custom.go:646.17,648.4 1 0
xiandeng.net.cn/server/db/models/custom.go:649.3,649.29 1 0
xiandeng.net.cn/server/db/models/custom.go:651.2,651.35 1 0
xiandeng.net.cn/server/db/models/custom.go:651.35,653.3 1 0
xiandeng.net.cn/server/db/models/custom.go:654.2,654.20 1 0
xiandeng.net.cn/server/db/models/custom.go:707.104,718.16 2 0
xiandeng.net.cn/server/db/models/custom.go:718.16,720.3 1 0
xiandeng.net.cn/server/db/models/custom.go:721.2,723.18 3 0
xiandeng.net.cn/server/db/models/custom.go:723.18,741.17 2 0
xiandeng.net.cn/server/db/models/custom.go:741.17,743.4 1 0
xiandeng.net.cn/server/db/models/custom.go:744.3,744.27 1 0
xiandeng.net.cn/server/db/models/custom.go:746.2,746.35 1 0
xiandeng.net.cn/server/db/models/custom.go:746.35,748.3 1 0
xiandeng.net.cn/server/db/models/custom.go:749.2,749.19 1 0
xiandeng.net.cn/server/db/models/custom.go:803.104,805.29 2 0
xiandeng.net.cn/server/db/models/custom.go:805.29,813.3 7 0
xiandeng.net.cn/server/db/models/custom.go:814.2,815.16 2 0
xiandeng.net.cn/server/db/models/custom.go:815.16,817.3 1 0
xiandeng.net.cn/server/db/models/custom.go:818.2,820.18 3 0
xiandeng.net.cn/server/db/models/custom.go:820.18,835.17 2 0
xiandeng.net.cn/server/db/models/custom.go:835.17,837.4 1 0
xiandeng.net.cn/server/db/models/custom.go:838.3,838.27 1 0
xiandeng.net.cn/server/db/models/custom.go:840.2,840.35 1 0
xiandeng.net.cn/server/db/models/custom.go:840.35,842.3 1 0
xiandeng.net.cn/server/db/models/custom.go:843.2,843.19 1 0
xiandeng.net.cn/server/db/models/custom.go:867.112,869.16 2 0
xiandeng.net.cn/server/db/models/custom.go:869.16,871.3 1 0
xiandeng.net.cn/server/db/models/custom.go:872.2,874.18 3 0
xiandeng.net.cn/server/db/models/custom.go:874.18,882.17 2 0
xiandeng.net.cn/server/db/models/custom.go:882.17,884.4 1 0
xiandeng.net.cn/server/db/models/custom.go:885.3,885.27 1 0
xiandeng.net.cn/server/db/models/custom.go:887.2,887.35 1 0
xiandeng.net.cn/server/db/models/custom.go:887.35,889.3 1 0
xiandeng.net.cn/server/db/models/custom.go:890.2,890.19 1 0
xiandeng.net.cn/server/db/models/custom.go:917.79,929.2 2 0
xiandeng.net.cn/server/db/models/custom.go:959.111,961.16 2 0
xiandeng.net.cn/server/db/models/custom.go:961.16,963.3 1 0
xiandeng.net.cn/server/db/models/custom.go:964.2,966.18 3 0
xiandeng.net.cn/server/db/models/custom.go:966.18,968.46 2 0
xiandeng.net.cn/server/db/models/custom.go:968.46,970.4 1 0
xiandeng.net.cn/server/db/models/custom.go:971.3,971.34 1 0
xiandeng.net.cn/server/db/models/custom.go:973.2,973.35 1 0
xiandeng.net.cn/server/db/models/custom.go:973.35,975.3 1 0
xiandeng.net.cn/server/db/models/custom.go:976.2,976.19 1 0
xiandeng.net.cn/server/db/models/custom.go:983.82,986.2 2 0
xiandeng.net.cn/server/db/models/custom_query_from_func.go:64.125,66.16 2 0
xiandeng.net.cn/server/db/models/custom_query_from_func.go:66.16,68.3 1 0
xiandeng.net.cn/server/db/models/custom_query_from_func.go:69.2,71.18 3 0
xiandeng.net.cn/server/db/models/custom_query_from_func.go:71.18,82.17 2 0
xiandeng.net.cn/server/db/models/custom_query_from_func.go:82.17,84.4 1 0
xiandeng.net.cn/server/db/models/custom_query_from_func.go:85.3,85.27 1 0
xiandeng.net.cn/server/db/models/custom_query_from_func.go:87.2,87.35 1 0
xiandeng.net.cn/server/db/models/custom_query_from_func.go:87.35,89.3 1 0
xiandeng.net.cn/server/db/models/custom_query_from_func.go:90.2,90.19 1 0
xiandeng.net.cn/server/db/models/custom_query_from_func.go:111.175,124.16 3 0
xiandeng.net.cn/server/db/models/custom_query_from_func.go:124.16,126.3 1 0
xiandeng.net.cn/server/db/models/custom_query_from_func.go:127.2,127.16 1 0
xiandeng.net.cn/server/db/models/custom_query_from_func.go:220.141,263.2 4 0
xiandeng.net.cn/server/db/models/custom_query_from_func.go:291.141,303.2 4 0
xiandeng.net.cn/server/db/models/custom_query_from_func.go:315.91,322.2 2 0
xiandeng.net.cn/server/db/models/custom_query_from_func.go:351.102,374.2 4 0
xiandeng.net.cn/server/db/models/custom_query_from_func.go:390.87,393.2 2 0
xiandeng.net.cn/server/db/models/custom_query_from_func.go:413.113,430.2 4 0
xiandeng.net.cn/server/db/models/custom_query_from_func.go:443.101,469.2 4 0
xiandeng.net.cn/server/db/models/custom_update.go:29.85,40.2 2 0
xiandeng.net.cn/server/db/models/custom_update.go:62.99,72.2 2 0
xiandeng.net.cn/server/db/models/db.go:21.28,23.2 1 0
xiandeng.net.cn/server/db/models/db.go:29.46,33.2 1 0
xiandeng.net.cn/server/db/models/marshaler.go:7.80,12.2 4 0
xiandeng.net.cn/server/db/models/marshaler.go:14.82,20.2 5 0
xiandeng.net.cn/server/db/models/marshaler.go:22.79,24.29 1 0
xiandeng.net.cn/server/db/models/marshaler.go:24.29,26.3 1 0
xiandeng.net.cn/server/db/models/marshaler.go:27.2,27.29 1 0
xiandeng.net.cn/server/db/models/marshaler.go:27.29,29.3 1 0
xiandeng.net.cn/server/db/models/marshaler.go:30.2,33.26 4 0
xiandeng.net.cn/server/db/models/marshaler.go:33.26,35.3 1 0
xiandeng.net.cn/server/db/models/marshaler.go:36.2,37.28 2 0
xiandeng.net.cn/server/db/models/marshaler.go:37.28,39.3 1 0
xiandeng.net.cn/server/db/models/marshaler.go:40.2,40.21 1 0
xiandeng.net.cn/server/db/models/marshaler.go:40.21,42.3 1 0
xiandeng.net.cn/server/db/models/marshaler.go:43.2,43.24 1 0
xiandeng.net.cn/server/db/models/marshaler.go:43.24,45.3 1 0
xiandeng.net.cn/server/db/models/marshaler.go:47.2,48.27 2 0
xiandeng.net.cn/server/db/models/marshaler.go:48.27,50.3 1 0
xiandeng.net.cn/server/db/models/marshaler.go:52.2,52.12 1 0
xiandeng.net.cn/server/db/models/model_transform.go:10.65,23.2 1 0
xiandeng.net.cn/server/db/models/model_transform.go:25.82,27.27 2 0
xiandeng.net.cn/server/db/models/model_transform.go:27.27,29.3 1 0
xiandeng.net.cn/server/db/models/model_transform.go:30.2,30.15 1 0
xiandeng.net.cn/server/db/models/model_transform.go:44.50,60.2 1 0
xiandeng.net.cn/server/db/models/model_transform.go:62.83,82.2 1 0
xiandeng.net.cn/server/db/models/model_transform.go:84.72,106.2 1 0
xiandeng.net.cn/server/db/models/model_transform.go:108.98,110.27 2 0
xiandeng.net.cn/server/db/models/model_transform.go:110.27,112.3 1 0
xiandeng.net.cn/server/db/models/model_transform.go:113.2,113.15 1 0
xiandeng.net.cn/server/db/models/model_transform.go:116.65,141.2 1 0
xiandeng.net.cn/server/db/models/models.go:27.58,28.25 1 0
xiandeng.net.cn/server/db/models/models.go:29.14,30.29 1 0
xiandeng.net.cn/server/db/models/models.go:31.14,32.29 1 0
xiandeng.net.cn/server/db/models/models.go:33.10,34.77 1 0
xiandeng.net.cn/server/db/models/models.go:36.2,36.12 1 0
xiandeng.net.cn/server/db/models/models.go:45.65,46.18 1 0
xiandeng.net.cn/server/db/models/models.go:46.18,49.3 2 0
xiandeng.net.cn/server/db/models/models.go:50.2,51.42 2 0
xiandeng.net.cn/server/db/models/models.go:55.64,56.15 1 0
xiandeng.net.cn/server/db/models/models.go:56.15,58.3 1 0
xiandeng.net.cn/server/db/models/models.go:59.2,59.43 1 0
xiandeng.net.cn/server/db/models/models.go:69.56,70.25 1 0
xiandeng.net.cn/server/db/models/models.go:71.14,72.27 1 0
xiandeng.net.cn/server/db/models/models.go:73.14,74.27 1 0
xiandeng.net.cn/server/db/models/models.go:75.10,76.75 1 0
xiandeng.net.cn/server/db/models/models.go:78.2,78.12 1 0
xiandeng.net.cn/server/db/models/models.go:87.63,88.18 1 0
xiandeng.net.cn/server/db/models/models.go:88.18,91.3 2 0
xiandeng.net.cn/server/db/models/models.go:92.2,93.40 2 0
xiandeng.net.cn/server/db/models/models.go:97.62,98.15 1 0
xiandeng.net.cn/server/db/models/models.go:98.15,100.3 1 0
xiandeng.net.cn/server/db/models/models.go:101.2,101.41 1 0
xiandeng.net.cn/server/db/models/models.go:112.53,113.25 1 0
xiandeng.net.cn/server/db/models/models.go:114.14,115.24 1 0
xiandeng.net.cn/server/db/models/models.go:116.14,117.24 1 0
xiandeng.net.cn/server/db/models/models.go:118.10,119.72 1 0
xiandeng.net.cn/server/db/models/models.go:121.2,121.12 1 0
xiandeng.net.cn/server/db/models/models.go:130.60,131.18 1 0
xiandeng.net.cn/server/db/models/models.go:131.18,134.3 2 0
xiandeng.net.cn/server/db/models/models.go:135.2,136.37 2 0
xiandeng.net.cn/server/db/models/models.go:140.59,141.15 1 0
xiandeng.net.cn/server/db/models/models.go:141.15,143.3 1 0
xiandeng.net.cn/server/db/models/models.go:144.2,144.38 1 0
xiandeng.net.cn/server/db/models/models.go:157.50,158.25 1 0
xiandeng.net.cn/server/db/models/models.go:159.14,160.21 1 0
xiandeng.net.cn/server/db/models/models.go:161.14,162.21 1 0
xiandeng.net.cn/server/db/models/models.go:163.10,164.69 1 0
xiandeng.net.cn/server/db/models/models.go:166.2,166.12 1 0
xiandeng.net.cn/server/db/models/models.go:175.57,176.18 1 0
xiandeng.net.cn/server/db/models/models.go:176.18,179.3 2 0
xiandeng.net.cn/server/db/models/models.go:180.2,181.34 2 0
xiandeng.net.cn/server/db/models/models.go:185.56,186.15 1 0
xiandeng.net.cn/server/db/models/models.go:186.15,188.3 1 0
xiandeng.net.cn/server/db/models/models.go:189.2,189.35 1 0
xiandeng.net.cn/server/db/models/models.go:200.46,201.25 1 0
xiandeng.net.cn/server/db/models/models.go:202.14,203.17 1 0
xiandeng.net.cn/server/db/models/models.go:204.14,205.17 1 0
xiandeng.net.cn/server/db/models/models.go:206.10,207.65 1 0
xiandeng.net.cn/server/db/models/models.go:209.2,209.12 1 0
xiandeng.net.cn/server/db/models/models.go:218.53,219.18 1 0
xiandeng.net.cn/server/db/models/models.go:219.18,222.3 2 0
xiandeng.net.cn/server/db/models/models.go:223.2,224.30 2 0
xiandeng.net.cn/server/db/models/models.go:228.52,229.15 1 0
xiandeng.net.cn/server/db/models/models.go:229.15,231.3 1 0
xiandeng.net.cn/server/db/models/models.go:232.2,232.31 1 0
xiandeng.net.cn/server/db/models/models.go:244.60,245.25 1 0
xiandeng.net.cn/server/db/models/models.go:246.14,247.31 1 0
xiandeng.net.cn/server/db/models/models.go:248.14,249.31 1 0
xiandeng.net.cn/server/db/models/models.go:250.10,251.79 1 0
xiandeng.net.cn/server/db/models/models.go:253.2,253.12 1 0
xiandeng.net.cn/server/db/models/models.go:262.67,263.18 1 0
xiandeng.net.cn/server/db/models/models.go:263.18,266.3 2 0
xiandeng.net.cn/server/db/models/models.go:267.2,268.44 2 0
xiandeng.net.cn/server/db/models/models.go:272.66,273.15 1 0
xiandeng.net.cn/server/db/models/models.go:273.15,275.3 1 0
xiandeng.net.cn/server/db/models/models.go:276.2,276.45 1 0
xiandeng.net.cn/server/db/models/models.go:287.58,288.25 1 0
xiandeng.net.cn/server/db/models/models.go:289.14,290.29 1 0
xiandeng.net.cn/server/db/models/models.go:291.14,292.29 1 0
xiandeng.net.cn/server/db/models/models.go:293.10,294.77 1 0
xiandeng.net.cn/server/db/models/models.go:296.2,296.12 1 0
xiandeng.net.cn/server/db/models/models.go:305.65,306.18 1 0
xiandeng.net.cn/server/db/models/models.go:306.18,309.3 2 0
xiandeng.net.cn/server/db/models/models.go:310.2,311.42 2 0
xiandeng.net.cn/server/db/models/models.go:315.64,316.15 1 0
xiandeng.net.cn/server/db/models/models.go:316.15,318.3 1 0
xiandeng.net.cn/server/db/models/models.go:319.2,319.43 1 0
xiandeng.net.cn/server/db/models/models.go:331.49,332.25 1 0
xiandeng.net.cn/server/db/models/models.go:333.14,334.20 1 0
xiandeng.net.cn/server/db/models/models.go:335.14,336.20 1 0
xiandeng.net.cn/server/db/models/models.go:337.10,338.68 1 0
xiandeng.net.cn/server/db/models/models.go:340.2,340.12 1 0
xiandeng.net.cn/server/db/models/models.go:349.56,350.18 1 0
xiandeng.net.cn/server/db/models/models.go:350.18,353.3 2 0
xiandeng.net.cn/server/db/models/models.go:354.2,355.33 2 0
xiandeng.net.cn/server/db/models/models.go:359.55,360.15 1 0
xiandeng.net.cn/server/db/models/models.go:360.15,362.3 1 0
xiandeng.net.cn/server/db/models/models.go:363.2,363.34 1 0
xiandeng.net.cn/server/db/models/models.go:374.48,375.25 1 0
xiandeng.net.cn/server/db/models/models.go:376.14,377.19 1 0
xiandeng.net.cn/server/db/models/models.go:378.14,379.19 1 0
xiandeng.net.cn/server/db/models/models.go:380.10,381.67 1 0
xiandeng.net.cn/server/db/models/models.go:383.2,383.12 1 0
xiandeng.net.cn/server/db/models/models.go:392.55,393.18 1 0
xiandeng.net.cn/server/db/models/models.go:393.18,396.3 2 0
xiandeng.net.cn/server/db/models/models.go:397.2,398.32 2 0
xiandeng.net.cn/server/db/models/models.go:402.54,403.15 1 0
xiandeng.net.cn/server/db/models/models.go:403.15,405.3 1 0
xiandeng.net.cn/server/db/models/models.go:406.2,406.33 1 0
xiandeng.net.cn/server/db/models/models.go:417.52,418.25 1 0
xiandeng.net.cn/server/db/models/models.go:419.14,420.23 1 0
xiandeng.net.cn/server/db/models/models.go:421.14,422.23 1 0
xiandeng.net.cn/server/db/models/models.go:423.10,424.71 1 0
xiandeng.net.cn/server/db/models/models.go:426.2,426.12 1 0
xiandeng.net.cn/server/db/models/models.go:435.59,436.18 1 0
xiandeng.net.cn/server/db/models/models.go:436.18,439.3 2 0
xiandeng.net.cn/server/db/models/models.go:440.2,441.36 2 0
xiandeng.net.cn/server/db/models/models.go:445.58,446.15 1 0
xiandeng.net.cn/server/db/models/models.go:446.15,448.3 1 0
xiandeng.net.cn/server/db/models/models.go:449.2,449.37 1 0
xiandeng.net.cn/server/db/models/query.sql.go:21.79,24.2 2 0
xiandeng.net.cn/server/db/models/query.sql.go:37.105,39.16 2 0
xiandeng.net.cn/server/db/models/query.sql.go:39.16,41.3 1 0
xiandeng.net.cn/server/db/models/query.sql.go:42.2,44.18 3 0
xiandeng.net.cn/server/db/models/query.sql.go:44.18,46.57 2 0
xiandeng.net.cn/server/db/models/query.sql.go:46.57,48.4 1 0
xiandeng.net.cn/server/db/models/query.sql.go:49.3,49.27 1 0
xiandeng.net.cn/server/db/models/query.sql.go:51.2,51.35 1 0
xiandeng.net.cn/server/db/models/query.sql.go:51.35,53.3 1 0
xiandeng.net.cn/server/db/models/query.sql.go:54.2,54.19 1 0
xiandeng.net.cn/server/db/models/query.sql.go:66.123,71.2 4 0
xiandeng.net.cn/server/db/models/query.sql.go:86.117,91.2 4 0
xiandeng.net.cn/server/db/models/query.sql.go:97.92,102.2 4 0
xiandeng.net.cn/server/db/models/query.sql.go:108.99,113.2 4 0
xiandeng.net.cn/server/db/models/query.sql.go:119.93,122.2 2 0
xiandeng.net.cn/server/db/models/query.sql.go:137.118,142.2 4 0
xiandeng.net.cn/server/db/models/query.sql.go:172.96,194.2 4 0
xiandeng.net.cn/server/db/models/query.sql.go:212.89,215.2 2 0
xiandeng.net.cn/server/db/models/query.sql.go:236.118,257.2 4 0
xiandeng.net.cn/server/db/models/query.sql.go:273.87,276.2 2 0
xiandeng.net.cn/server/db/models/query.sql.go:290.114,301.2 4 0
xiandeng.net.cn/server/db/models/query.sql.go:322.120,330.2 1 0
xiandeng.net.cn/server/db/models/query.sql.go:350.102,357.2 1 0
xiandeng.net.cn/server/db/models/query.sql.go:381.132,390.2 1 0
xiandeng.net.cn/server/db/models/query.sql.go:404.102,415.2 4 0
xiandeng.net.cn/server/db/models/query.sql.go:429.112,440.2 4 0
xiandeng.net.cn/server/db/models/query.sql.go:446.90,448.2 1 0
xiandeng.net.cn/server/db/models/query.sql.go:463.120,465.2 1 0
xiandeng.net.cn/server/db/models/query.sql.go:472.71,475.2 2 0
xiandeng.net.cn/server/db/models/query.sql.go:481.77,484.2 2 0
xiandeng.net.cn/server/db/models/query.sql.go:490.81,493.2 2 0
xiandeng.net.cn/server/db/models/query.sql.go:506.108,516.2 4 0
xiandeng.net.cn/server/db/models/query.sql.go:522.82,544.2 4 0
xiandeng.net.cn/server/db/models/query.sql.go:552.99,554.16 2 0
xiandeng.net.cn/server/db/models/query.sql.go:554.16,556.3 1 0
xiandeng.net.cn/server/db/models/query.sql.go:557.2,559.18 3 0
xiandeng.net.cn/server/db/models/query.sql.go:559.18,561.42 2 0
xiandeng.net.cn/server/db/models/query.sql.go:561.42,563.4 1 0
xiandeng.net.cn/server/db/models/query.sql.go:564.3,564.30 1 0
xiandeng.net.cn/server/db/models/query.sql.go:566.2,566.35 1 0
xiandeng.net.cn/server/db/models/query.sql.go:566.35,568.3 1 0
xiandeng.net.cn/server/db/models/query.sql.go:569.2,569.19 1 0
xiandeng.net.cn/server/db/models/query.sql.go:578.103,583.2 4 0
xiandeng.net.cn/server/db/models/query.sql.go:589.98,608.2 4 0
xiandeng.net.cn/server/db/models/query.sql.go:624.88,637.2 4 0
xiandeng.net.cn/server/db/models/query.sql.go:643.88,654.2 4 0
xiandeng.net.cn/server/db/models/query.sql.go:661.89,678.2 4 0
xiandeng.net.cn/server/db/models/query.sql.go:694.100,699.2 4 0
xiandeng.net.cn/server/db/models/query.sql.go:724.121,726.16 2 0
xiandeng.net.cn/server/db/models/query.sql.go:726.16,728.3 1 0
xiandeng.net.cn/server/db/models/query.sql.go:729.2,731.18 3 0
xiandeng.net.cn/server/db/models/query.sql.go:731.18,740.17 2 0
xiandeng.net.cn/server/db/models/query.sql.go:740.17,742.4 1 0
xiandeng.net.cn/server/db/models/query.sql.go:743.3,743.27 1 0
xiandeng.net.cn/server/db/models/query.sql.go:745.2,745.35 1 0
xiandeng.net.cn/server/db/models/query.sql.go:745.35,747.3 1 0
xiandeng.net.cn/server/db/models/query.sql.go:748.2,748.19 1 0
xiandeng.net.cn/server/db/models/query.sql.go:755.95,768.2 4 0
xiandeng.net.cn/server/db/models/query.sql.go:774.83,779.2 4 0
xiandeng.net.cn/server/db/models/query.sql.go:790.104,795.2 4 0
xiandeng.net.cn/server/db/models/query.sql.go:807.119,809.16 2 0
xiandeng.net.cn/server/db/models/query.sql.go:809.16,811.3 1 0
xiandeng.net.cn/server/db/models/query.sql.go:812.2,814.18 3 0
xiandeng.net.cn/server/db/models/query.sql.go:814.18,816.66 2 0
xiandeng.net.cn/server/db/models/query.sql.go:816.66,818.4 1 0
xiandeng.net.cn/server/db/models/query.sql.go:819.3,819.27 1 0
xiandeng.net.cn/server/db/models/query.sql.go:821.2,821.35 1 0
xiandeng.net.cn/server/db/models/query.sql.go:821.35,823.3 1 0
xiandeng.net.cn/server/db/models/query.sql.go:824.2,824.19 1 0
xiandeng.net.cn/server/db/models/query.sql.go:831.74,846.2 4 0
xiandeng.net.cn/server/db/models/query.sql.go:852.93,857.2 4 0
xiandeng.net.cn/server/db/models/query.sql.go:885.122,887.16 2 0
xiandeng.net.cn/server/db/models/query.sql.go:887.16,889.3 1 0
xiandeng.net.cn/server/db/models/query.sql.go:890.2,892.18 3 0
xiandeng.net.cn/server/db/models/query.sql.go:892.18,911.17 2 0
xiandeng.net.cn/server/db/models/query.sql.go:911.17,913.4 1 0
xiandeng.net.cn/server/db/models/query.sql.go:914.3,914.27 1 0
xiandeng.net.cn/server/db/models/query.sql.go:916.2,916.35 1 0
xiandeng.net.cn/server/db/models/query.sql.go:916.35,918.3 1 0
xiandeng.net.cn/server/db/models/query.sql.go:919.2,919.19 1 0
xiandeng.net.cn/server/db/models/query.sql.go:934.94,945.2 4 0
xiandeng.net.cn/server/db/models/query.sql.go:951.103,956.2 4 0
xiandeng.net.cn/server/db/models/query.sql.go:962.106,964.16 2 0
xiandeng.net.cn/server/db/models/query.sql.go:964.16,966.3 1 0
xiandeng.net.cn/server/db/models/query.sql.go:967.2,969.18 3 0
xiandeng.net.cn/server/db/models/query.sql.go:969.18,978.17 2 0
xiandeng.net.cn/server/db/models/query.sql.go:978.17,980.4 1 0
xiandeng.net.cn/server/db/models/query.sql.go:981.3,981.27 1 0
xiandeng.net.cn/server/db/models/query.sql.go:983.2,983.35 1 0
xiandeng.net.cn/server/db/models/query.sql.go:983.35,985.3 1 0
xiandeng.net.cn/server/db/models/query.sql.go:986.2,986.19 1 0
xiandeng.net.cn/server/db/models/query.sql.go:1017.121,1019.16 2 0
xiandeng.net.cn/server/db/models/query.sql.go:1019.16,1021.3 1 0
xiandeng.net.cn/server/db/models/query.sql.go:1022.2,1024.18 3 0
xiandeng.net.cn/server/db/models/query.sql.go:1024.18,1026.74 2 0
xiandeng.net.cn/server/db/models/query.sql.go:1026.74,1028.4 1 0
xiandeng.net.cn/server/db/models/query.sql.go:1029.3,1029.27 1 0
xiandeng.net.cn/server/db/models/query.sql.go:1031.2,1031.35 1 0
xiandeng.net.cn/server/db/models/query.sql.go:1031.35,1033.3 1 0
xiandeng.net.cn/server/db/models/query.sql.go:1034.2,1034.19 1 0
xiandeng.net.cn/server/db/models/query.sql.go:1046.109,1051.2 4 0
xiandeng.net.cn/server/db/models/query.sql.go:1075.117,1077.16 2 0
xiandeng.net.cn/server/db/models/query.sql.go:1077.16,1079.3 1 0
xiandeng.net.cn/server/db/models/query.sql.go:1080.2,1082.18 3 0
xiandeng.net.cn/server/db/models/query.sql.go:1082.18,1089.17 2 0
xiandeng.net.cn/server/db/models/query.sql.go:1089.17,1091.4 1 0
xiandeng.net.cn/server/db/models/query.sql.go:1092.3,1092.27 1 0
xiandeng.net.cn/server/db/models/query.sql.go:1094.2,1094.35 1 0
xiandeng.net.cn/server/db/models/query.sql.go:1094.35,1096.3 1 0
xiandeng.net.cn/server/db/models/query.sql.go:1097.2,1097.19 1 0
xiandeng.net.cn/server/db/models/query.sql.go:1105.105,1107.16 2 0
xiandeng.net.cn/server/db/models/query.sql.go:1107.16,1109.3 1 0
xiandeng.net.cn/server/db/models/query.sql.go:1110.2,1112.18 3 0
xiandeng.net.cn/server/db/models/query.sql.go:1112.18,1120.17 2 0
xiandeng.net.cn/server/db/models/query.sql.go:1120.17,1122.4 1 0
xiandeng.net.cn/server/db/models/query.sql.go:1123.3,1123.27 1 0
xiandeng.net.cn/server/db/models/query.sql.go:1125.2,1125.35 1 0
xiandeng.net.cn/server/db/models/query.sql.go:1125.35,1127.3 1 0
xiandeng.net.cn/server/db/models/query.sql.go:1128.2,1128.19 1 0
xiandeng.net.cn/server/db/models/query.sql.go:1135.91,1162.2 4 0
xiandeng.net.cn/server/db/models/query.sql.go:1187.105,1192.2 4 0
xiandeng.net.cn/server/db/models/query.sql.go:1203.114,1205.16 2 0
xiandeng.net.cn/server/db/models/query.sql.go:1205.16,1207.3 1 0
xiandeng.net.cn/server/db/models/query.sql.go:1208.2,1210.18 3 0
xiandeng.net.cn/server/db/models/query.sql.go:1210.18,1212.57 2 0
xiandeng.net.cn/server/db/models/query.sql.go:1212.57,1214.4 1 0
xiandeng.net.cn/server/db/models/query.sql.go:1215.3,1215.27 1 0
xiandeng.net.cn/server/db/models/query.sql.go:1217.2,1217.35 1 0
xiandeng.net.cn/server/db/models/query.sql.go:1217.35,1219.3 1 0
xiandeng.net.cn/server/db/models/query.sql.go:1220.2,1220.19 1 0
xiandeng.net.cn/server/db/models/query.sql.go:1229.105,1234.2 4 0
xiandeng.net.cn/server/db/models/query.sql.go:1240.95,1244.2 3 0
xiandeng.net.cn/server/db/models/query.sql.go:1281.171,1294.2 4 0
xiandeng.net.cn/server/db/models/query.sql.go:1352.117,1375.2 4 0
xiandeng.net.cn/server/db/models/query.sql.go:1439.132,1465.2 4 0
xiandeng.net.cn/server/db/models/query.sql.go:1471.97,1476.2 4 0
xiandeng.net.cn/server/db/models/query.sql.go:1501.108,1521.2 4 0
xiandeng.net.cn/server/db/models/query.sql.go:1530.76,1556.2 4 0
xiandeng.net.cn/server/db/models/query.sql.go:1565.92,1591.2 4 0
xiandeng.net.cn/server/db/models/query.sql.go:1600.83,1626.2 4 0
xiandeng.net.cn/server/db/models/query.sql.go:1637.95,1639.16 2 0
xiandeng.net.cn/server/db/models/query.sql.go:1639.16,1641.3 1 0
xiandeng.net.cn/server/db/models/query.sql.go:1642.2,1644.18 3 0
xiandeng.net.cn/server/db/models/query.sql.go:1644.18,1646.53 2 0
xiandeng.net.cn/server/db/models/query.sql.go:1646.53,1648.4 1 0
xiandeng.net.cn/server/db/models/query.sql.go:1649.3,1649.27 1 0
xiandeng.net.cn/server/db/models/query.sql.go:1651.2,1651.35 1 0
xiandeng.net.cn/server/db/models/query.sql.go:1651.35,1653.3 1 0
xiandeng.net.cn/server/db/models/query.sql.go:1654.2,1654.19 1 0
xiandeng.net.cn/server/db/models/query.sql.go:1665.89,1668.2 2 0
xiandeng.net.cn/server/db/models/query.sql.go:1703.100,1720.2 4 0
xiandeng.net.cn/server/db/models/query.sql.go:1735.91,1744.2 2 0
xiandeng.net.cn/server/db/models/query.sql.go:1808.112,1810.16 2 0
xiandeng.net.cn/server/db/models/query.sql.go:1810.16,1812.3 1 0
xiandeng.net.cn/server/db/models/query.sql.go:1813.2,1815.18 3 0
xiandeng.net.cn/server/db/models/query.sql.go:1815.18,1829.17 2 0
xiandeng.net.cn/server/db/models/query.sql.go:1829.17,1831.4 1 0
xiandeng.net.cn/server/db/models/query.sql.go:1832.3,1832.27 1 0
xiandeng.net.cn/server/db/models/query.sql.go:1834.2,1834.35 1 0
xiandeng.net.cn/server/db/models/query.sql.go:1834.35,1836.3 1 0
xiandeng.net.cn/server/db/models/query.sql.go:1837.2,1837.19 1 0
xiandeng.net.cn/server/db/models/query.sql.go:1844.103,1849.2 4 0
xiandeng.net.cn/server/db/models/query.sql.go:1876.98,1878.16 2 0
xiandeng.net.cn/server/db/models/query.sql.go:1878.16,1880.3 1 0
xiandeng.net.cn/server/db/models/query.sql.go:1881.2,1883.18 3 0
xiandeng.net.cn/server/db/models/query.sql.go:1883.18,1893.17 2 0
xiandeng.net.cn/server/db/models/query.sql.go:1893.17,1895.4 1 0
xiandeng.net.cn/server/db/models/query.sql.go:1896.3,1896.27 1 0
xiandeng.net.cn/server/db/models/query.sql.go:1898.2,1898.35 1 0
xiandeng.net.cn/server/db/models/query.sql.go:1898.35,1900.3 1 0
xiandeng.net.cn/server/db/models/query.sql.go:1901.2,1901.19 1 0
xiandeng.net.cn/server/db/models/query.sql.go:1908.111,1910.16 2 0
xiandeng.net.cn/server/db/models/query.sql.go:1910.16,1912.3 1 0
xiandeng.net.cn/server/db/models/query.sql.go:1913.2,1915.18 3 0
xiandeng.net.cn/server/db/models/query.sql.go:1915.18,1924.17 2 0
xiandeng.net.cn/server/db/models/query.sql.go:1924.17,1926.4 1 0
xiandeng.net.cn/server/db/models/query.sql.go:1927.3,1927.27 1 0
xiandeng.net.cn/server/db/models/query.sql.go:1929.2,1929.35 1 0
xiandeng.net.cn/server/db/models/query.sql.go:1929.35,1931.3 1 0
xiandeng.net.cn/server/db/models/query.sql.go:1932.2,1932.19 1 0
xiandeng.net.cn/server/db/models/query.sql.go:1965.104,1967.16 2 0
xiandeng.net.cn/server/db/models/query.sql.go:1967.16,1969.3 1 0
xiandeng.net.cn/server/db/models/query.sql.go:1970.2,1972.18 3 0
xiandeng.net.cn/server/db/models/query.sql.go:1972.18,1980.17 2 0
xiandeng.net.cn/server/db/models/query.sql.go:1980.17,1982.4 1 0
xiandeng.net.cn/server/db/models/query.sql.go:1983.3,1983.27 1 0
xiandeng.net.cn/server/db/models/query.sql.go:1985.2,1985.35 1 0
xiandeng.net.cn/server/db/models/query.sql.go:1985.35,1987.3 1 0
xiandeng.net.cn/server/db/models/query.sql.go:1988.2,1988.19 1 0
xiandeng.net.cn/server/db/models/query.sql.go:1995.75,1997.16 2 0
xiandeng.net.cn/server/db/models/query.sql.go:1997.16,1999.3 1 0
xiandeng.net.cn/server/db/models/query.sql.go:2000.2,2002.18 3 0
xiandeng.net.cn/server/db/models/query.sql.go:2002.18,2004.48 2 0
xiandeng.net.cn/server/db/models/query.sql.go:2004.48,2006.4 1 0
xiandeng.net.cn/server/db/models/query.sql.go:2007.3,2007.36 1 0
xiandeng.net.cn/server/db/models/query.sql.go:2009.2,2009.35 1 0
xiandeng.net.cn/server/db/models/query.sql.go:2009.35,2011.3 1 0
xiandeng.net.cn/server/db/models/query.sql.go:2012.2,2012.19 1 0
xiandeng.net.cn/server/db/models/query.sql.go:2019.101,2021.16 2 0
xiandeng.net.cn/server/db/models/query.sql.go:2021.16,2023.3 1 0
xiandeng.net.cn/server/db/models/query.sql.go:2024.2,2026.18 3 0
xiandeng.net.cn/server/db/models/query.sql.go:2026.18,2028.48 2 0
xiandeng.net.cn/server/db/models/query.sql.go:2028.48,2030.4 1 0
xiandeng.net.cn/server/db/models/query.sql.go:2031.3,2031.36 1 0
xiandeng.net.cn/server/db/models/query.sql.go:2033.2,2033.35 1 0
xiandeng.net.cn/server/db/models/query.sql.go:2033.35,2035.3 1 0
xiandeng.net.cn/server/db/models/query.sql.go:2036.2,2036.19 1 0
xiandeng.net.cn/server/db/models/query.sql.go:2050.113,2052.16 2 0
xiandeng.net.cn/server/db/models/query.sql.go:2052.16,2054.3 1 0
xiandeng.net.cn/server/db/models/query.sql.go:2055.2,2057.18 3 0
xiandeng.net.cn/server/db/models/query.sql.go:2057.18,2067.17 2 0
xiandeng.net.cn/server/db/models/query.sql.go:2067.17,2069.4 1 0
xiandeng.net.cn/server/db/models/query.sql.go:2070.3,2070.27 1 0
xiandeng.net.cn/server/db/models/query.sql.go:2072.2,2072.35 1 0
xiandeng.net.cn/server/db/models/query.sql.go:2072.35,2074.3 1 0
xiandeng.net.cn/server/db/models/query.sql.go:2075.2,2075.19 1 0
xiandeng.net.cn/server/db/models/query.sql.go:2082.73,2084.16 2 0
xiandeng.net.cn/server/db/models/query.sql.go:2084.16,2086.3 1 0
xiandeng.net.cn/server/db/models/query.sql.go:2087.2,2089.18 3 0
xiandeng.net.cn/server/db/models/query.sql.go:2089.18,2091.45 2 0
xiandeng.net.cn/server/db/models/query.sql.go:2091.45,2093.4 1 0
xiandeng.net.cn/server/db/models/query.sql.go:2094.3,2094.33 1 0
xiandeng.net.cn/server/db/models/query.sql.go:2096.2,2096.35 1 0
xiandeng.net.cn/server/db/models/query.sql.go:2096.35,2098.3 1 0
xiandeng.net.cn/server/db/models/query.sql.go:2099.2,2099.19 1 0
xiandeng.net.cn/server/db/models/query.sql.go:2117.126,2124.16 2 0
xiandeng.net.cn/server/db/models/query.sql.go:2124.16,2126.3 1 0
xiandeng.net.cn/server/db/models/query.sql.go:2127.2,2129.18 3 0
xiandeng.net.cn/server/db/models/query.sql.go:2129.18,2131.63 2 0
xiandeng.net.cn/server/db/models/query.sql.go:2131.63,2133.4 1 0
xiandeng.net.cn/server/db/models/query.sql.go:2134.3,2134.27 1 0
xiandeng.net.cn/server/db/models/query.sql.go:2136.2,2136.35 1 0
xiandeng.net.cn/server/db/models/query.sql.go:2136.35,2138.3 1 0
xiandeng.net.cn/server/db/models/query.sql.go:2139.2,2139.19 1 0
xiandeng.net.cn/server/db/models/query.sql.go:2174.96,2176.16 2 0
xiandeng.net.cn/server/db/models/query.sql.go:2176.16,2178.3 1 0
xiandeng.net.cn/server/db/models/query.sql.go:2179.2,2181.18 3 0
xiandeng.net.cn/server/db/models/query.sql.go:2181.18,2192.17 2 0
xiandeng.net.cn/server/db/models/query.sql.go:2192.17,2194.4 1 0
xiandeng.net.cn/server/db/models/query.sql.go:2195.3,2195.27 1 0
xiandeng.net.cn/server/db/models/query.sql.go:2197.2,2197.35 1 0
xiandeng.net.cn/server/db/models/query.sql.go:2197.35,2199.3 1 0
xiandeng.net.cn/server/db/models/query.sql.go:2200.2,2200.19 1 0
xiandeng.net.cn/server/db/models/query.sql.go:2239.103,2241.16 2 0
xiandeng.net.cn/server/db/models/query.sql.go:2241.16,2243.3 1 0
xiandeng.net.cn/server/db/models/query.sql.go:2244.2,2246.18 3 0
xiandeng.net.cn/server/db/models/query.sql.go:2246.18,2255.17 2 0
xiandeng.net.cn/server/db/models/query.sql.go:2255.17,2257.4 1 0
xiandeng.net.cn/server/db/models/query.sql.go:2258.3,2258.27 1 0
xiandeng.net.cn/server/db/models/query.sql.go:2260.2,2260.35 1 0
xiandeng.net.cn/server/db/models/query.sql.go:2260.35,2262.3 1 0
xiandeng.net.cn/server/db/models/query.sql.go:2263.2,2263.19 1 0
xiandeng.net.cn/server/db/models/query.sql.go:2277.132,2279.16 2 0
xiandeng.net.cn/server/db/models/query.sql.go:2279.16,2281.3 1 0
xiandeng.net.cn/server/db/models/query.sql.go:2282.2,2284.18 3 0
xiandeng.net.cn/server/db/models/query.sql.go:2284.18,2291.17 2 0
xiandeng.net.cn/server/db/models/query.sql.go:2291.17,2293.4 1 0
xiandeng.net.cn/server/db/models/query.sql.go:2294.3,2294.27 1 0
xiandeng.net.cn/server/db/models/query.sql.go:2296.2,2296.35 1 0
xiandeng.net.cn/server/db/models/query.sql.go:2296.35,2298.3 1 0
xiandeng.net.cn/server/db/models/query.sql.go:2299.2,2299.19 1 0
xiandeng.net.cn/server/db/models/query.sql.go:2306.103,2308.16 2 0
xiandeng.net.cn/server/db/models/query.sql.go:2308.16,2310.3 1 0
xiandeng.net.cn/server/db/models/query.sql.go:2311.2,2313.18 3 0
xiandeng.net.cn/server/db/models/query.sql.go:2313.18,2324.17 2 0
xiandeng.net.cn/server/db/models/query.sql.go:2324.17,2326.4 1 0
xiandeng.net.cn/server/db/models/query.sql.go:2327.3,2327.27 1 0
xiandeng.net.cn/server/db/models/query.sql.go:2329.2,2329.35 1 0
xiandeng.net.cn/server/db/models/query.sql.go:2329.35,2331.3 1 0
xiandeng.net.cn/server/db/models/query.sql.go:2332.2,2332.19 1 0
xiandeng.net.cn/server/db/models/query.sql.go:2339.112,2341.16 2 0
xiandeng.net.cn/server/db/models/query.sql.go:2341.16,2343.3 1 0
xiandeng.net.cn/server/db/models/query.sql.go:2344.2,2346.18 3 0
xiandeng.net.cn/server/db/models/query.sql.go:2346.18,2365.17 2 0
xiandeng.net.cn/server/db/models/query.sql.go:2365.17,2367.4 1 0
xiandeng.net.cn/server/db/models/query.sql.go:2368.3,2368.27 1 0
xiandeng.net.cn/server/db/models/query.sql.go:2370.2,2370.35 1 0
xiandeng.net.cn/server/db/models/query.sql.go:2370.35,2372.3 1 0
xiandeng.net.cn/server/db/models/query.sql.go:2373.2,2373.19 1 0
xiandeng.net.cn/server/db/models/query.sql.go:2380.68,2382.16 2 0
xiandeng.net.cn/server/db/models/query.sql.go:2382.16,2384.3 1 0
xiandeng.net.cn/server/db/models/query.sql.go:2385.2,2387.18 3 0
xiandeng.net.cn/server/db/models/query.sql.go:2387.18,2398.17 2 0
xiandeng.net.cn/server/db/models/query.sql.go:2398.17,2400.4 1 0
xiandeng.net.cn/server/db/models/query.sql.go:2401.3,2401.27 1 0
xiandeng.net.cn/server/db/models/query.sql.go:2403.2,2403.35 1 0
xiandeng.net.cn/server/db/models/query.sql.go:2403.35,2405.3 1 0
xiandeng.net.cn/server/db/models/query.sql.go:2406.2,2406.19 1 0
xiandeng.net.cn/server/db/models/query.sql.go:2413.100,2415.16 2 0
xiandeng.net.cn/server/db/models/query.sql.go:2415.16,2417.3 1 0
xiandeng.net.cn/server/db/models/query.sql.go:2418.2,2420.18 3 0
xiandeng.net.cn/server/db/models/query.sql.go:2420.18,2431.17 2 0
xiandeng.net.cn/server/db/models/query.sql.go:2431.17,2433.4 1 0
xiandeng.net.cn/server/db/models/query.sql.go:2434.3,2434.27 1 0
xiandeng.net.cn/server/db/models/query.sql.go:2436.2,2436.35 1 0
xiandeng.net.cn/server/db/models/query.sql.go:2436.35,2438.3 1 0
xiandeng.net.cn/server/db/models/query.sql.go:2439.2,2439.19 1 0
xiandeng.net.cn/server/db/models/query.sql.go:2464.123,2466.16 2 0
xiandeng.net.cn/server/db/models/query.sql.go:2466.16,2468.3 1 0
xiandeng.net.cn/server/db/models/query.sql.go:2469.2,2471.18 3 0
xiandeng.net.cn/server/db/models/query.sql.go:2471.18,2484.17 2 0
xiandeng.net.cn/server/db/models/query.sql.go:2484.17,2486.4 1 0
xiandeng.net.cn/server/db/models/query.sql.go:2487.3,2487.27 1 0
xiandeng.net.cn/server/db/models/query.sql.go:2489.2,2489.35 1 0
xiandeng.net.cn/server/db/models/query.sql.go:2489.35,2491.3 1 0
xiandeng.net.cn/server/db/models/query.sql.go:2492.2,2492.19 1 0
xiandeng.net.cn/server/db/models/query.sql.go:2519.117,2521.16 2 0
xiandeng.net.cn/server/db/models/query.sql.go:2521.16,2523.3 1 0
xiandeng.net.cn/server/db/models/query.sql.go:2524.2,2526.18 3 0
xiandeng.net.cn/server/db/models/query.sql.go:2526.18,2533.17 2 0
xiandeng.net.cn/server/db/models/query.sql.go:2533.17,2535.4 1 0
xiandeng.net.cn/server/db/models/query.sql.go:2536.3,2536.27 1 0
xiandeng.net.cn/server/db/models/query.sql.go:2538.2,2538.35 1 0
xiandeng.net.cn/server/db/models/query.sql.go:2538.35,2540.3 1 0
xiandeng.net.cn/server/db/models/query.sql.go:2541.2,2541.19 1 0
xiandeng.net.cn/server/db/models/query.sql.go:2579.106,2586.16 2 0
xiandeng.net.cn/server/db/models/query.sql.go:2586.16,2588.3 1 0
xiandeng.net.cn/server/db/models/query.sql.go:2589.2,2591.18 3 0
xiandeng.net.cn/server/db/models/query.sql.go:2591.18,2605.17 2 0
xiandeng.net.cn/server/db/models/query.sql.go:2605.17,2607.4 1 0
xiandeng.net.cn/server/db/models/query.sql.go:2608.3,2608.27 1 0
xiandeng.net.cn/server/db/models/query.sql.go:2610.2,2610.35 1 0
xiandeng.net.cn/server/db/models/query.sql.go:2610.35,2612.3 1 0
xiandeng.net.cn/server/db/models/query.sql.go:2613.2,2613.19 1 0
xiandeng.net.cn/server/db/models/query.sql.go:2620.68,2622.16 2 0
xiandeng.net.cn/server/db/models/query.sql.go:2622.16,2624.3 1 0
xiandeng.net.cn/server/db/models/query.sql.go:2625.2,2627.18 3 0
xiandeng.net.cn/server/db/models/query.sql.go:2627.18,2639.17 2 0
xiandeng.net.cn/server/db/models/query.sql.go:2639.17,2641.4 1 0
xiandeng.net.cn/server/db/models/query.sql.go:2642.3,2642.27 1 0
xiandeng.net.cn/server/db/models/query.sql.go:2644.2,2644.35 1 0
xiandeng.net.cn/server/db/models/query.sql.go:2644.35,2646.3 1 0
xiandeng.net.cn/server/db/models/query.sql.go:2647.2,2647.19 1 0
xiandeng.net.cn/server/db/models/query.sql.go:2661.96,2663.16 2 0
xiandeng.net.cn/server/db/models/query.sql.go:2663.16,2665.3 1 0
xiandeng.net.cn/server/db/models/query.sql.go:2666.2,2668.18 3 0
xiandeng.net.cn/server/db/models/query.sql.go:2668.18,2675.17 2 0
xiandeng.net.cn/server/db/models/query.sql.go:2675.17,2677.4 1 0
xiandeng.net.cn/server/db/models/query.sql.go:2678.3,2678.27 1 0
xiandeng.net.cn/server/db/models/query.sql.go:2680.2,2680.35 1 0
xiandeng.net.cn/server/db/models/query.sql.go:2680.35,2682.3 1 0
xiandeng.net.cn/server/db/models/query.sql.go:2683.2,2683.19 1 0
xiandeng.net.cn/server/db/models/query.sql.go:2692.78,2694.16 2 0
xiandeng.net.cn/server/db/models/query.sql.go:2694.16,2696.3 1 0
xiandeng.net.cn/server/db/models/query.sql.go:2697.2,2699.18 3 0
xiandeng.net.cn/server/db/models/query.sql.go:2699.18,2701.51 2 0
xiandeng.net.cn/server/db/models/query.sql.go:2701.51,2703.4 1 0
xiandeng.net.cn/server/db/models/query.sql.go:2704.3,2704.39 1 0
xiandeng.net.cn/server/db/models/query.sql.go:2706.2,2706.35 1 0
xiandeng.net.cn/server/db/models/query.sql.go:2706.35,2708.3 1 0
xiandeng.net.cn/server/db/models/query.sql.go:2709.2,2709.19 1 0
xiandeng.net.cn/server/db/models/query.sql.go:2722.99,2724.16 2 0
xiandeng.net.cn/server/db/models/query.sql.go:2724.16,2726.3 1 0
xiandeng.net.cn/server/db/models/query.sql.go:2727.2,2729.18 3 0
xiandeng.net.cn/server/db/models/query.sql.go:2729.18,2731.74 2 0
xiandeng.net.cn/server/db/models/query.sql.go:2731.74,2733.4 1 0
xiandeng.net.cn/server/db/models/query.sql.go:2734.3,2734.27 1 0
xiandeng.net.cn/server/db/models/query.sql.go:2736.2,2736.35 1 0
xiandeng.net.cn/server/db/models/query.sql.go:2736.35,2738.3 1 0
xiandeng.net.cn/server/db/models/query.sql.go:2739.2,2739.19 1 0
xiandeng.net.cn/server/db/models/query.sql.go:2746.80,2748.16 2 0
xiandeng.net.cn/server/db/models/query.sql.go:2748.16,2750.3 1 0
xiandeng.net.cn/server/db/models/query.sql.go:2751.2,2753.18 3 0
xiandeng.net.cn/server/db/models/query.sql.go:2753.18,2766.17 2 0
xiandeng.net.cn/server/db/models/query.sql.go:2766.17,2768.4 1 0
xiandeng.net.cn/server/db/models/query.sql.go:2769.3,2769.27 1 0
xiandeng.net.cn/server/db/models/query.sql.go:2771.2,2771.35 1 0
xiandeng.net.cn/server/db/models/query.sql.go:2771.35,2773.3 1 0
xiandeng.net.cn/server/db/models/query.sql.go:2774.2,2774.19 1 0
xiandeng.net.cn/server/db/models/query.sql.go:2805.125,2807.16 2 0
xiandeng.net.cn/server/db/models/query.sql.go:2807.16,2809.3 1 0
xiandeng.net.cn/server/db/models/query.sql.go:2810.2,2812.18 3 0
xiandeng.net.cn/server/db/models/query.sql.go:2812.18,2821.17 2 0
xiandeng.net.cn/server/db/models/query.sql.go:2821.17,2823.4 1 0
xiandeng.net.cn/server/db/models/query.sql.go:2824.3,2824.27 1 0
xiandeng.net.cn/server/db/models/query.sql.go:2826.2,2826.35 1 0
xiandeng.net.cn/server/db/models/query.sql.go:2826.35,2828.3 1 0
xiandeng.net.cn/server/db/models/query.sql.go:2829.2,2829.19 1 0
xiandeng.net.cn/server/db/models/query.sql.go:2883.117,2885.16 2 0
xiandeng.net.cn/server/db/models/query.sql.go:2885.16,2887.3 1 0
xiandeng.net.cn/server/db/models/query.sql.go:2888.2,2890.18 3 0
xiandeng.net.cn/server/db/models/query.sql.go:2890.18,2903.17 2 0
xiandeng.net.cn/server/db/models/query.sql.go:2903.17,2905.4 1 0
xiandeng.net.cn/server/db/models/query.sql.go:2906.3,2906.27 1 0
xiandeng.net.cn/server/db/models/query.sql.go:2908.2,2908.35 1 0
xiandeng.net.cn/server/db/models/query.sql.go:2908.35,2910.3 1 0
xiandeng.net.cn/server/db/models/query.sql.go:2911.2,2911.19 1 0
xiandeng.net.cn/server/db/models/query.sql.go:2967.158,2969.16 2 0
xiandeng.net.cn/server/db/models/query.sql.go:2969.16,2971.3 1 0
xiandeng.net.cn/server/db/models/query.sql.go:2972.2,2974.18 3 0
xiandeng.net.cn/server/db/models/query.sql.go:2974.18,2987.17 2 0
xiandeng.net.cn/server/db/models/query.sql.go:2987.17,2989.4 1 0
xiandeng.net.cn/server/db/models/query.sql.go:2990.3,2990.27 1 0
xiandeng.net.cn/server/db/models/query.sql.go:2992.2,2992.35 1 0
xiandeng.net.cn/server/db/models/query.sql.go:2992.35,2994.3 1 0
xiandeng.net.cn/server/db/models/query.sql.go:2995.2,2995.19 1 0
xiandeng.net.cn/server/db/models/query.sql.go:3007.115,3009.16 2 0
xiandeng.net.cn/server/db/models/query.sql.go:3009.16,3011.3 1 0
xiandeng.net.cn/server/db/models/query.sql.go:3012.2,3014.18 3 0
xiandeng.net.cn/server/db/models/query.sql.go:3014.18,3030.17 2 0
xiandeng.net.cn/server/db/models/query.sql.go:3030.17,3032.4 1 0
xiandeng.net.cn/server/db/models/query.sql.go:3033.3,3033.27 1 0
xiandeng.net.cn/server/db/models/query.sql.go:3035.2,3035.35 1 0
xiandeng.net.cn/server/db/models/query.sql.go:3035.35,3037.3 1 0
xiandeng.net.cn/server/db/models/query.sql.go:3038.2,3038.19 1 0
xiandeng.net.cn/server/db/models/query.sql.go:3071.149,3073.16 2 0
xiandeng.net.cn/server/db/models/query.sql.go:3073.16,3075.3 1 0
xiandeng.net.cn/server/db/models/query.sql.go:3076.2,3078.18 3 0
xiandeng.net.cn/server/db/models/query.sql.go:3078.18,3095.17 2 0
xiandeng.net.cn/server/db/models/query.sql.go:3095.17,3097.4 1 0
xiandeng.net.cn/server/db/models/query.sql.go:3098.3,3098.27 1 0
xiandeng.net.cn/server/db/models/query.sql.go:3100.2,3100.35 1 0
xiandeng.net.cn/server/db/models/query.sql.go:3100.35,3102.3 1 0
xiandeng.net.cn/server/db/models/query.sql.go:3103.2,3103.19 1 0
xiandeng.net.cn/server/db/models/query.sql.go:3146.134,3148.16 2 0
xiandeng.net.cn/server/db/models/query.sql.go:3148.16,3150.3 1 0
xiandeng.net.cn/server/db/models/query.sql.go:3151.2,3153.18 3 0
xiandeng.net.cn/server/db/models/query.sql.go:3153.18,3164.17 2 0
xiandeng.net.cn/server/db/models/query.sql.go:3164.17,3166.4 1 0
xiandeng.net.cn/server/db/models/query.sql.go:3167.3,3167.27 1 0
xiandeng.net.cn/server/db/models/query.sql.go:3169.2,3169.35 1 0
xiandeng.net.cn/server/db/models/query.sql.go:3169.35,3171.3 1 0
xiandeng.net.cn/server/db/models/query.sql.go:3172.2,3172.19 1 0
xiandeng.net.cn/server/db/models/query.sql.go:3221.164,3223.16 2 0
xiandeng.net.cn/server/db/models/query.sql.go:3223.16,3225.3 1 0
xiandeng.net.cn/server/db/models/query.sql.go:3226.2,3228.18 3 0
xiandeng.net.cn/server/db/models/query.sql.go:3228.18,3239.17 2 0
xiandeng.net.cn/server/db/models/query.sql.go:3239.17,3241.4 1 0
xiandeng.net.cn/server/db/models/query.sql.go:3242.3,3242.27 1 0
xiandeng.net.cn/server/db/models/query.sql.go:3244.2,3244.35 1 0
xiandeng.net.cn/server/db/models/query.sql.go:3244.35,3246.3 1 0
xiandeng.net.cn/server/db/models/query.sql.go:3247.2,3247.19 1 0
xiandeng.net.cn/server/db/models/query.sql.go:3282.125,3284.16 2 0
xiandeng.net.cn/server/db/models/query.sql.go:3284.16,3286.3 1 0
xiandeng.net.cn/server/db/models/query.sql.go:3287.2,3289.18 3 0
xiandeng.net.cn/server/db/models/query.sql.go:3289.18,3297.17 2 0
xiandeng.net.cn/server/db/models/query.sql.go:3297.17,3299.4 1 0
xiandeng.net.cn/server/db/models/query.sql.go:3300.3,3300.27 1 0
xiandeng.net.cn/server/db/models/query.sql.go:3302.2,3302.35 1 0
xiandeng.net.cn/server/db/models/query.sql.go:3302.35,3304.3 1 0
xiandeng.net.cn/server/db/models/query.sql.go:3305.2,3305.19 1 0
xiandeng.net.cn/server/db/models/query.sql.go:3347.121,3349.16 2 0
xiandeng.net.cn/server/db/models/query.sql.go:3349.16,3351.3 1 0
xiandeng.net.cn/server/db/models/query.sql.go:3352.2,3354.18 3 0
xiandeng.net.cn/server/db/models/query.sql.go:3354.18,3367.17 2 0
xiandeng.net.cn/server/db/models/query.sql.go:3367.17,3369.4 1 0
xiandeng.net.cn/server/db/models/query.sql.go:3370.3,3370.27 1 0
xiandeng.net.cn/server/db/models/query.sql.go:3372.2,3372.35 1 0
xiandeng.net.cn/server/db/models/query.sql.go:3372.35,3374.3 1 0
xiandeng.net.cn/server/db/models/query.sql.go:3375.2,3375.19 1 0
xiandeng.net.cn/server/db/models/query.sql.go:3405.122,3407.16 2 0
xiandeng.net.cn/server/db/models/query.sql.go:3407.16,3409.3 1 0
xiandeng.net.cn/server/db/models/query.sql.go:3410.2,3412.18 3 0
xiandeng.net.cn/server/db/models/query.sql.go:3412.18,3421.17 2 0
xiandeng.net.cn/server/db/models/query.sql.go:3421.17,3423.4 1 0
xiandeng.net.cn/server/db/models/query.sql.go:3424.3,3424.27 1 0
xiandeng.net.cn/server/db/models/query.sql.go:3426.2,3426.35 1 0
xiandeng.net.cn/server/db/models/query.sql.go:3426.35,3428.3 1 0
xiandeng.net.cn/server/db/models/query.sql.go:3429.2,3429.19 1 0
xiandeng.net.cn/server/db/models/query.sql.go:3446.87,3448.16 2 0
xiandeng.net.cn/server/db/models/query.sql.go:3448.16,3450.3 1 0
xiandeng.net.cn/server/db/models/query.sql.go:3451.2,3453.18 3 0
xiandeng.net.cn/server/db/models/query.sql.go:3453.18,3455.69 2 0
xiandeng.net.cn/server/db/models/query.sql.go:3455.69,3457.4 1 0
xiandeng.net.cn/server/db/models/query.sql.go:3458.3,3458.27 1 0
xiandeng.net.cn/server/db/models/query.sql.go:3460.2,3460.35 1 0
xiandeng.net.cn/server/db/models/query.sql.go:3460.35,3462.3 1 0
xiandeng.net.cn/server/db/models/query.sql.go:3463.2,3463.19 1 0
xiandeng.net.cn/server/db/models/query.sql.go:3475.121,3477.16 2 0
xiandeng.net.cn/server/db/models/query.sql.go:3477.16,3479.3 1 0
xiandeng.net.cn/server/db/models/query.sql.go:3480.2,3482.18 3 0
xiandeng.net.cn/server/db/models/query.sql.go:3482.18,3493.17 2 0
xiandeng.net.cn/server/db/models/query.sql.go:3493.17,3495.4 1 0
xiandeng.net.cn/server/db/models/query.sql.go:3496.3,3496.27 1 0
xiandeng.net.cn/server/db/models/query.sql.go:3498.2,3498.35 1 0
xiandeng.net.cn/server/db/models/query.sql.go:3498.35,3500.3 1 0
xiandeng.net.cn/server/db/models/query.sql.go:3501.2,3501.19 1 0
xiandeng.net.cn/server/db/models/query.sql.go:3513.102,3518.2 4 0
xiandeng.net.cn/server/db/models/query.sql.go:3529.89,3534.2 4 0
xiandeng.net.cn/server/db/models/query.sql.go:3545.92,3550.2 4 0
xiandeng.net.cn/server/db/models/query.sql.go:3616.146,3618.16 2 0
xiandeng.net.cn/server/db/models/query.sql.go:3618.16,3620.3 1 0
xiandeng.net.cn/server/db/models/query.sql.go:3621.2,3623.18 3 0
xiandeng.net.cn/server/db/models/query.sql.go:3623.18,3646.17 2 0
xiandeng.net.cn/server/db/models/query.sql.go:3646.17,3648.4 1 0
xiandeng.net.cn/server/db/models/query.sql.go:3649.3,3649.27 1 0
xiandeng.net.cn/server/db/models/query.sql.go:3651.2,3651.35 1 0
xiandeng.net.cn/server/db/models/query.sql.go:3651.35,3653.3 1 0
xiandeng.net.cn/server/db/models/query.sql.go:3654.2,3654.19 1 0
xiandeng.net.cn/server/db/models/query.sql.go:3661.93,3663.16 2 0
xiandeng.net.cn/server/db/models/query.sql.go:3663.16,3665.3 1 0
xiandeng.net.cn/server/db/models/query.sql.go:3666.2,3668.18 3 0
xiandeng.net.cn/server/db/models/query.sql.go:3668.18,3679.17 2 0
xiandeng.net.cn/server/db/models/query.sql.go:3679.17,3681.4 1 0
xiandeng.net.cn/server/db/models/query.sql.go:3682.3,3682.27 1 0
xiandeng.net.cn/server/db/models/query.sql.go:3684.2,3684.35 1 0
xiandeng.net.cn/server/db/models/query.sql.go:3684.35,3686.3 1 0
xiandeng.net.cn/server/db/models/query.sql.go:3687.2,3687.19 1 0
xiandeng.net.cn/server/db/models/query.sql.go:3694.92,3696.16 2 0
xiandeng.net.cn/server/db/models/query.sql.go:3696.16,3698.3 1 0
xiandeng.net.cn/server/db/models/query.sql.go:3699.2,3701.18 3 0
xiandeng.net.cn/server/db/models/query.sql.go:3701.18,3712.17 2 0
xiandeng.net.cn/server/db/models/query.sql.go:3712.17,3714.4 1 0
xiandeng.net.cn/server/db/models/query.sql.go:3715.3,3715.27 1 0
xiandeng.net.cn/server/db/models/query.sql.go:3717.2,3717.35 1 0
xiandeng.net.cn/server/db/models/query.sql.go:3717.35,3719.3 1 0
xiandeng.net.cn/server/db/models/query.sql.go:3720.2,3720.19 1 0
xiandeng.net.cn/server/db/models/query.sql.go:3727.106,3729.16 2 0
xiandeng.net.cn/server/db/models/query.sql.go:3729.16,3731.3 1 0
xiandeng.net.cn/server/db/models/query.sql.go:3732.2,3734.18 3 0
xiandeng.net.cn/server/db/models/query.sql.go:3734.18,3736.48 2 0
xiandeng.net.cn/server/db/models/query.sql.go:3736.48,3738.4 1 0
xiandeng.net.cn/server/db/models/query.sql.go:3739.3,3739.36 1 0
xiandeng.net.cn/server/db/models/query.sql.go:3741.2,3741.35 1 0
xiandeng.net.cn/server/db/models/query.sql.go:3741.35,3743.3 1 0
xiandeng.net.cn/server/db/models/query.sql.go:3744.2,3744.19 1 0
xiandeng.net.cn/server/db/models/query.sql.go:3751.96,3753.2 1 0
xiandeng.net.cn/server/db/models/query.sql.go:3769.87,3772.2 2 0
xiandeng.net.cn/server/db/models/query.sql.go:3791.97,3800.2 2 0
xiandeng.net.cn/server/db/models/query.sql.go:3818.101,3821.2 2 0
xiandeng.net.cn/server/db/models/query.sql.go:3834.89,3837.2 2 0
xiandeng.net.cn/server/db/models/query.sql.go:3850.107,3858.2 2 0
xiandeng.net.cn/server/db/models/query.sql.go:3869.125,3872.2 2 0
xiandeng.net.cn/server/db/models/query.sql.go:3883.111,3886.2 2 0
xiandeng.net.cn/server/db/models/query.sql.go:3916.102,3926.2 1 0
xiandeng.net.cn/server/db/models/query.sql.go:3940.116,3942.2 1 0
xiandeng.net.cn/server/db/models/query.sql.go:3953.112,3955.2 1 0
xiandeng.net.cn/server/db/models/query.sql.go:3966.126,3968.2 1 0
xiandeng.net.cn/server/db/models/query.sql.go:3981.114,3983.2 1 0
xiandeng.net.cn/server/db/models/query.sql.go:3996.87,3999.2 2 0
xiandeng.net.cn/server/db/models/query.sql.go:4028.106,4040.2 1 0
xiandeng.net.cn/server/db/models/query.sql.go:4090.93,4114.2 2 0
xiandeng.net.cn/server/db/models/query.sql.go:4127.115,4130.2 2 0
xiandeng.net.cn/server/db/models/query.sql.go:4141.99,4144.2 2 0
xiandeng.net.cn/server/db/models/query.sql.go:4161.140,4163.16 2 0
xiandeng.net.cn/server/db/models/query.sql.go:4163.16,4165.3 1 0
xiandeng.net.cn/server/db/models/query.sql.go:4166.2,4168.18 3 0
xiandeng.net.cn/server/db/models/query.sql.go:4168.18,4170.81 2 0
xiandeng.net.cn/server/db/models/query.sql.go:4170.81,4172.4 1 0
xiandeng.net.cn/server/db/models/query.sql.go:4173.3,4173.27 1 0
xiandeng.net.cn/server/db/models/query.sql.go:4175.2,4175.35 1 0
xiandeng.net.cn/server/db/models/query.sql.go:4175.35,4177.3 1 0
xiandeng.net.cn/server/db/models/query.sql.go:4178.2,4178.19 1 0
xiandeng.net.cn/server/db/models/query.sql.go:4187.73,4190.2 2 0
xiandeng.net.cn/server/errors/gql/error_response.go:8.40,15.2 1 0
xiandeng.net.cn/server/errors/error.go:12.43,17.2 1 0
xiandeng.net.cn/server/errors/error.go:20.50,23.2 2 0
xiandeng.net.cn/server/errors/error.go:25.31,27.2 1 0
xiandeng.net.cn/server/errors/error.go:29.32,31.2 1 0
xiandeng.net.cn/server/errors/error.go:33.34,34.21 1 0
xiandeng.net.cn/server/errors/error.go:35.25,36.23 1 0
xiandeng.net.cn/server/errors/error.go:37.31,38.23 1 0
xiandeng.net.cn/server/errors/error.go:39.35,40.40 1 0
xiandeng.net.cn/server/errors/error.go:41.10,42.23 1 0
xiandeng.net.cn/server/internal/app/app.go:51.45,53.2 1 0
xiandeng.net.cn/server/internal/app/app.go:55.53,56.27 1 0
xiandeng.net.cn/server/internal/app/app.go:56.27,59.3 2 0
xiandeng.net.cn/server/internal/app/app.go:62.45,63.27 1 0
xiandeng.net.cn/server/internal/app/app.go:63.27,66.3 2 0
xiandeng.net.cn/server/internal/app/app.go:69.49,70.27 1 0
xiandeng.net.cn/server/internal/app/app.go:70.27,73.3 2 0
xiandeng.net.cn/server/internal/app/app.go:76.42,77.27 1 0
xiandeng.net.cn/server/internal/app/app.go:77.27,78.13 1 0
xiandeng.net.cn/server/internal/app/app.go:78.13,80.4 1 0
xiandeng.net.cn/server/internal/app/app.go:84.84,87.31 2 0
xiandeng.net.cn/server/internal/app/app.go:87.31,89.3 1 0
xiandeng.net.cn/server/internal/app/app.go:91.2,95.20 2 0
xiandeng.net.cn/server/internal/app/app.go:95.20,97.3 1 0
xiandeng.net.cn/server/internal/app/app.go:100.2,100.23 1 0
xiandeng.net.cn/server/internal/app/app.go:100.23,102.3 1 0
xiandeng.net.cn/server/internal/app/app.go:104.2,104.31 1 0
xiandeng.net.cn/server/internal/app/app.go:104.31,106.3 1 0
xiandeng.net.cn/server/internal/app/app.go:107.2,114.29 2 0
xiandeng.net.cn/server/internal/app/app.go:114.29,124.44 6 0
xiandeng.net.cn/server/internal/app/app.go:124.44,126.5 1 0
xiandeng.net.cn/server/internal/app/app.go:130.3,134.21 4 0
xiandeng.net.cn/server/internal/app/app.go:134.21,136.4 1 0
xiandeng.net.cn/server/internal/app/app.go:137.3,147.10 2 0
xiandeng.net.cn/server/internal/app/app.go:148.49,149.43 1 0
xiandeng.net.cn/server/internal/app/app.go:150.40,151.42 1 0
xiandeng.net.cn/server/internal/app/app.go:152.11,153.42 1 0
xiandeng.net.cn/server/internal/app/app.go:162.2,162.15 1 0
xiandeng.net.cn/server/internal/app/app.go:165.53,173.2 1 0
xiandeng.net.cn/server/internal/app/app.go:175.59,178.2 2 0
xiandeng.net.cn/server/internal/app/app.go:180.38,182.2 0 0
xiandeng.net.cn/server/internal/app/app.go:186.61,188.35 2 0
xiandeng.net.cn/server/internal/app/app.go:188.35,193.44 2 0
xiandeng.net.cn/server/internal/app/app.go:193.44,197.4 3 0
xiandeng.net.cn/server/internal/app/app.go:199.2,199.20 1 0
xiandeng.net.cn/server/internal/app/app.go:217.87,221.2 1 0
xiandeng.net.cn/server/internal/app/app.go:223.73,225.2 1 0
xiandeng.net.cn/server/internal/app/app.go:227.74,229.2 1 0
xiandeng.net.cn/server/internal/app/app.go:231.75,233.2 1 0
xiandeng.net.cn/server/internal/app/app.go:235.76,237.2 1 0
xiandeng.net.cn/server/internal/app/app.go:239.73,241.2 1 0
xiandeng.net.cn/server/internal/app/app.go:243.85,247.2 1 0
xiandeng.net.cn/server/internal/app/app.go:249.53,251.2 1 0
xiandeng.net.cn/server/internal/app/app.go:253.26,257.16 3 0
xiandeng.net.cn/server/internal/app/app.go:257.16,259.3 1 0
xiandeng.net.cn/server/internal/app/app.go:260.2,260.13 1 0
xiandeng.net.cn/server/internal/app/app.go:263.33,269.12 2 0
xiandeng.net.cn/server/internal/app/app.go:269.12,270.93 1 0
xiandeng.net.cn/server/internal/app/app.go:270.93,272.4 1 0
xiandeng.net.cn/server/internal/app/app.go:275.2,279.17 4 0
xiandeng.net.cn/server/internal/app/app.go:282.34,287.48 4 0
xiandeng.net.cn/server/internal/app/app.go:287.48,289.3 1 0
xiandeng.net.cn/server/internal/app/app.go:290.2,291.12 2 0
xiandeng.net.cn/server/internal/app/context.go:45.26,47.3 1 0
xiandeng.net.cn/server/internal/app/context.go:53.48,57.2 3 0
xiandeng.net.cn/server/internal/app/context.go:59.38,62.2 2 0
xiandeng.net.cn/server/internal/app/context.go:134.127,137.2 1 0
xiandeng.net.cn/server/internal/app/context.go:139.52,141.2 1 0
xiandeng.net.cn/server/internal/app/context.go:143.43,145.9 2 0
xiandeng.net.cn/server/internal/app/context.go:145.9,147.3 1 0
xiandeng.net.cn/server/internal/app/context.go:148.2,148.24 1 0
xiandeng.net.cn/server/internal/app/context.go:151.33,157.19 2 0
xiandeng.net.cn/server/internal/app/context.go:157.19,159.3 1 0
xiandeng.net.cn/server/internal/app/context.go:160.2,160.19 1 0
xiandeng.net.cn/server/internal/app/context.go:160.19,162.3 1 0
xiandeng.net.cn/server/internal/app/context.go:163.2,163.19 1 0
xiandeng.net.cn/server/internal/app/context.go:163.19,165.3 1 0
xiandeng.net.cn/server/internal/app/context.go:167.2,172.8 5 0
xiandeng.net.cn/server/internal/app/context.go:172.8,174.3 1 0
xiandeng.net.cn/server/internal/app/context.go:177.37,179.9 2 0
xiandeng.net.cn/server/internal/app/context.go:179.9,181.3 1 0
xiandeng.net.cn/server/internal/app/context.go:182.2,182.19 1 0
xiandeng.net.cn/server/internal/app/context.go:189.65,191.2 1 0
xiandeng.net.cn/server/internal/app/context.go:193.62,197.9 2 0
xiandeng.net.cn/server/internal/app/context.go:197.9,200.3 2 0
xiandeng.net.cn/server/internal/app/context.go:201.2,203.16 3 0
xiandeng.net.cn/server/internal/app/context.go:203.16,206.3 2 0
xiandeng.net.cn/server/internal/app/context.go:207.2,207.11 1 0
xiandeng.net.cn/server/internal/app/context.go:210.49,212.9 2 0
xiandeng.net.cn/server/internal/app/context.go:212.9,214.3 1 0
xiandeng.net.cn/server/internal/app/context.go:215.2,215.25 1 0
xiandeng.net.cn/server/internal/app/context.go:218.49,220.17 2 0
xiandeng.net.cn/server/internal/app/context.go:220.17,222.3 1 0
xiandeng.net.cn/server/internal/app/context.go:224.2,224.47 1 0
xiandeng.net.cn/server/internal/app/context.go:224.47,226.3 1 0
xiandeng.net.cn/server/internal/app/context.go:227.2,228.8 2 0
xiandeng.net.cn/server/internal/app/context.go:228.8,231.3 2 0
xiandeng.net.cn/server/internal/app/context.go:234.48,236.9 2 0
xiandeng.net.cn/server/internal/app/context.go:236.9,238.3 1 0
xiandeng.net.cn/server/internal/app/context.go:239.2,239.28 1 0
xiandeng.net.cn/server/internal/app/context.go:242.58,244.20 2 0
xiandeng.net.cn/server/internal/app/context.go:244.20,246.3 1 0
xiandeng.net.cn/server/internal/app/context.go:248.2,248.50 1 0
xiandeng.net.cn/server/internal/app/context.go:248.50,250.3 1 0
xiandeng.net.cn/server/internal/app/context.go:251.2,252.8 2 0
xiandeng.net.cn/server/internal/app/context.go:252.8,255.3 2 0
xiandeng.net.cn/server/internal/app/context.go:258.38,260.9 2 0
xiandeng.net.cn/server/internal/app/context.go:260.9,262.3 1 0
xiandeng.net.cn/server/internal/app/context.go:263.2,263.17 1 0
xiandeng.net.cn/server/internal/app/context.go:266.49,268.2 1 0
xiandeng.net.cn/server/internal/app/context.go:270.54,271.21 1 0
xiandeng.net.cn/server/internal/app/context.go:271.21,275.17 4 0
xiandeng.net.cn/server/internal/app/context.go:275.17,277.4 1 0
xiandeng.net.cn/server/internal/app/context.go:278.3,278.57 1 0
xiandeng.net.cn/server/internal/app/context.go:278.57,280.4 1 0
xiandeng.net.cn/server/internal/app/context.go:281.3,281.13 1 0
xiandeng.net.cn/server/internal/app/context.go:282.8,285.3 2 0
xiandeng.net.cn/server/internal/app/context.go:289.59,291.2 1 0
xiandeng.net.cn/server/internal/app/context.go:293.55,296.2 2 0
xiandeng.net.cn/server/internal/app/context.go:298.58,300.2 1 0
xiandeng.net.cn/server/internal/app/context.go:302.55,305.2 2 0
xiandeng.net.cn/server/internal/app/context.go:307.41,309.2 1 0
xiandeng.net.cn/server/internal/app/context.go:311.46,313.2 1 0
xiandeng.net.cn/server/internal/app/context.go:315.44,318.17 3 0
xiandeng.net.cn/server/internal/app/context.go:319.36,326.5 1 0
xiandeng.net.cn/server/internal/app/context.go:327.10,333.5 1 0
xiandeng.net.cn/server/internal/app/context.go:338.50,345.2 1 0
xiandeng.net.cn/server/internal/app/context.go:347.84,355.16 7 0
xiandeng.net.cn/server/internal/app/context.go:355.16,358.3 2 0
xiandeng.net.cn/server/internal/app/context.go:359.2,359.12 1 0
xiandeng.net.cn/server/internal/app/context.go:362.88,364.2 1 0
xiandeng.net.cn/server/internal/app/context.go:366.49,371.2 1 0
xiandeng.net.cn/server/internal/app/context.go:373.48,375.2 1 0
xiandeng.net.cn/server/internal/app/context.go:377.58,379.2 1 0
xiandeng.net.cn/server/internal/app/context.go:381.63,383.2 1 0
xiandeng.net.cn/server/internal/app/context.go:385.133,389.2 2 0
xiandeng.net.cn/server/internal/app/context.go:391.137,395.2 2 0
xiandeng.net.cn/server/internal/app/context.go:397.92,399.2 1 0
xiandeng.net.cn/server/internal/app/context.go:401.73,403.2 1 0
xiandeng.net.cn/server/internal/app/context.go:405.58,407.2 1 0
xiandeng.net.cn/server/internal/app/context.go:409.88,418.2 1 0
xiandeng.net.cn/server/internal/app/context.go:420.55,422.2 1 0
xiandeng.net.cn/server/internal/app/context.go:424.50,426.2 1 0
xiandeng.net.cn/server/internal/app/context.go:428.29,430.2 1 0
xiandeng.net.cn/server/internal/app/context.go:432.74,435.29 3 0
xiandeng.net.cn/server/internal/app/context.go:435.29,437.3 1 0
xiandeng.net.cn/server/internal/app/context.go:437.8,439.14 2 0
xiandeng.net.cn/server/internal/app/context.go:439.14,441.4 1 0
xiandeng.net.cn/server/internal/app/context.go:441.9,443.4 1 0
xiandeng.net.cn/server/internal/code/code.go:8.30,10.2 1 0
xiandeng.net.cn/server/internal/code/code.go:12.41,17.2 1 0
xiandeng.net.cn/server/internal/middlewares/user.go:27.106,33.2 1 0
xiandeng.net.cn/server/internal/middlewares/user.go:35.85,37.16 2 0
xiandeng.net.cn/server/internal/middlewares/user.go:37.16,40.3 2 0
xiandeng.net.cn/server/internal/middlewares/user.go:41.2,43.16 3 0
xiandeng.net.cn/server/internal/middlewares/user.go:43.16,46.3 2 0
xiandeng.net.cn/server/internal/middlewares/user.go:47.2,48.16 2 0
xiandeng.net.cn/server/internal/middlewares/user.go:48.16,51.3 2 0
xiandeng.net.cn/server/internal/middlewares/user.go:52.2,52.16 1 0
xiandeng.net.cn/server/internal/middlewares/user.go:55.55,56.31 1 0
xiandeng.net.cn/server/internal/middlewares/user.go:56.31,58.17 2 0
xiandeng.net.cn/server/internal/middlewares/user.go:58.17,60.58 1 0
xiandeng.net.cn/server/internal/middlewares/user.go:60.58,63.5 2 0
xiandeng.net.cn/server/internal/middlewares/user.go:63.10,66.5 2 0
xiandeng.net.cn/server/internal/middlewares/user.go:69.3,72.55 2 0
xiandeng.net.cn/server/internal/middlewares/user.go:72.55,74.82 2 0
xiandeng.net.cn/server/internal/middlewares/user.go:74.82,77.5 2 0
xiandeng.net.cn/server/internal/middlewares/user.go:79.4,81.44 2 0
xiandeng.net.cn/server/internal/middlewares/user.go:81.44,82.31 1 0
xiandeng.net.cn/server/internal/middlewares/user.go:82.31,84.58 2 0
xiandeng.net.cn/server/internal/middlewares/user.go:84.58,88.7 3 0
xiandeng.net.cn/server/internal/middlewares/user.go:88.12,89.21 1 0
xiandeng.net.cn/server/internal/middlewares/user.go:89.21,91.8 1 0
xiandeng.net.cn/server/internal/middlewares/user.go:92.7,92.77 1 0
xiandeng.net.cn/server/internal/middlewares/user.go:94.11,96.6 1 0
xiandeng.net.cn/server/internal/middlewares/user.go:97.10,99.5 1 0
xiandeng.net.cn/server/internal/middlewares/user.go:101.4,101.18 1 0
xiandeng.net.cn/server/internal/middlewares/user.go:101.18,104.5 2 0
xiandeng.net.cn/server/internal/middlewares/user.go:105.4,105.25 1 0
xiandeng.net.cn/server/internal/middlewares/user.go:107.3,108.13 2 0
xiandeng.net.cn/server/internal/controller/request_model/student.go:10.42,12.2 1 0
xiandeng.net.cn/server/internal/routers/router.go:15.95,46.16 2 0
xiandeng.net.cn/server/internal/routers/router.go:46.16,48.3 1 0
xiandeng.net.cn/server/internal/routers/router.go:51.2,52.26 2 0
xiandeng.net.cn/server/internal/routers/router.go:52.26,54.3 1 0
xiandeng.net.cn/server/internal/routers/router.go:54.8,56.3 1 0
xiandeng.net.cn/server/internal/routers/router.go:58.2,58.16 1 0
xiandeng.net.cn/server/internal/routers/router.go:58.16,60.3 1 0
xiandeng.net.cn/server/internal/routers/router.go:62.2,70.20 5 0
xiandeng.net.cn/server/internal/routers/routes_authed.go:5.61,9.2 2 0
xiandeng.net.cn/server/internal/routers/routes_authed.go:9.2,11.3 1 0
xiandeng.net.cn/server/internal/routers/routes_authed.go:13.2,14.2 2 0
xiandeng.net.cn/server/internal/routers/routes_authed.go:14.2,33.3 18 0
xiandeng.net.cn/server/internal/routers/routes_authed.go:35.2,36.2 2 0
xiandeng.net.cn/server/internal/routers/routes_authed.go:36.2,39.3 2 0
xiandeng.net.cn/server/internal/routers/routes_authed.go:41.2,42.2 2 0
xiandeng.net.cn/server/internal/routers/routes_authed.go:42.2,50.3 7 0
xiandeng.net.cn/server/internal/routers/routes_authed.go:52.2,53.2 2 0
xiandeng.net.cn/server/internal/routers/routes_authed.go:53.2,58.3 4 0
xiandeng.net.cn/server/internal/routers/routes_authed.go:60.2,61.2 2 0
xiandeng.net.cn/server/internal/routers/routes_authed.go:61.2,65.3 3 0
xiandeng.net.cn/server/internal/routers/routes_authed.go:67.2,68.2 2 0
xiandeng.net.cn/server/internal/routers/routes_authed.go:68.2,80.3 11 0
xiandeng.net.cn/server/internal/routers/routes_authed.go:82.2,83.2 2 0
xiandeng.net.cn/server/internal/routers/routes_authed.go:83.2,87.3 3 0
xiandeng.net.cn/server/internal/routers/routes_authed.go:89.2,90.2 2 0
xiandeng.net.cn/server/internal/routers/routes_authed.go:90.2,105.3 14 0
xiandeng.net.cn/server/internal/routers/routes_authed.go:107.2,108.2 2 0
xiandeng.net.cn/server/internal/routers/routes_authed.go:108.2,110.3 1 0
xiandeng.net.cn/server/internal/routers/routes_authed.go:112.2,113.2 2 0
xiandeng.net.cn/server/internal/routers/routes_authed.go:113.2,119.3 5 0
xiandeng.net.cn/server/internal/routers/routes_authed.go:121.2,122.2 2 0
xiandeng.net.cn/server/internal/routers/routes_authed.go:122.2,131.3 8 0
xiandeng.net.cn/server/internal/routers/routes_authed.go:133.2,134.2 2 0
xiandeng.net.cn/server/internal/routers/routes_authed.go:134.2,137.3 2 0
xiandeng.net.cn/server/internal/routers/routes_authed.go:139.2,140.2 2 0
xiandeng.net.cn/server/internal/routers/routes_authed.go:140.2,147.3 6 0
xiandeng.net.cn/server/internal/routers/routes_authed.go:149.2,150.2 2 0
xiandeng.net.cn/server/internal/routers/routes_authed.go:150.2,153.3 2 0
xiandeng.net.cn/server/internal/routers/routes_authed.go:155.2,156.2 2 0
xiandeng.net.cn/server/internal/routers/routes_authed.go:156.2,166.3 9 0
xiandeng.net.cn/server/internal/routers/routes_authed.go:168.2,169.2 2 0
xiandeng.net.cn/server/internal/routers/routes_authed.go:169.2,184.3 14 0
xiandeng.net.cn/server/internal/routers/routes_authed.go:186.2,187.2 2 0
xiandeng.net.cn/server/internal/routers/routes_authed.go:187.2,195.3 7 0
xiandeng.net.cn/server/internal/routers/routes_public.go:8.61,17.2 6 0
xiandeng.net.cn/server/internal/routers/routes_public.go:17.2,30.3 12 0
xiandeng.net.cn/server/internal/routers/routes_public.go:32.2,33.2 2 0
xiandeng.net.cn/server/internal/routers/routes_public.go:33.2,36.3 2 0
xiandeng.net.cn/server/internal/routers/routes_public.go:38.2,41.2 3 0
xiandeng.net.cn/server/internal/routers/routes_public.go:41.2,49.3 7 0
xiandeng.net.cn/server/internal/routers/routes_public.go:51.2,52.2 2 0
xiandeng.net.cn/server/internal/routers/routes_public.go:52.2,55.3 2 0
xiandeng.net.cn/server/internal/routers/routes_public.go:57.2,58.2 2 0
xiandeng.net.cn/server/internal/routers/routes_public.go:58.2,60.3 1 0
xiandeng.net.cn/server/internal/routers/routes_public.go:62.2,63.2 2 0
xiandeng.net.cn/server/internal/routers/routes_public.go:63.2,66.3 2 0
xiandeng.net.cn/server/internal/routers/routes_public.go:68.2,69.2 2 0
xiandeng.net.cn/server/internal/routers/routes_public.go:69.2,73.3 3 0
xiandeng.net.cn/server/internal/routers/routes_public.go:75.2,76.2 2 0
xiandeng.net.cn/server/internal/routers/routes_public.go:76.2,79.3 2 0
xiandeng.net.cn/server/internal/routers/routes_public.go:82.2,82.55 1 0
xiandeng.net.cn/server/internal/pubsub/pubsub.go:27.70,33.2 5 0
xiandeng.net.cn/server/internal/pubsub/pubsub.go:35.49,41.2 4 0
xiandeng.net.cn/server/internal/pubsub/pubsub.go:43.29,48.35 4 0
xiandeng.net.cn/server/internal/pubsub/pubsub.go:48.35,51.3 2 0
xiandeng.net.cn/server/internal/pubsub/pubsub.go:54.43,59.42 4 0
xiandeng.net.cn/server/internal/pubsub/pubsub.go:59.42,62.3 2 0
xiandeng.net.cn/server/internal/pubsub/pubsub.go:67.3,69.31 2 0
xiandeng.net.cn/server/internal/pubsub/pubsub.go:69.31,71.3 1 0
xiandeng.net.cn/server/internal/pubsub/pubsub.go:73.2,73.9 1 0
xiandeng.net.cn/server/internal/pubsub/pubsub.go:74.16,74.16 0 0
xiandeng.net.cn/server/internal/pubsub/pubsub.go:75.31,75.31 0 0
xiandeng.net.cn/server/internal/pubsub/pubsub.go:79.74,85.2 1 0
xiandeng.net.cn/server/pkg/encoding/des.go:10.59,14.2 3 0
xiandeng.net.cn/server/pkg/encoding/des.go:16.44,18.21 1 0
xiandeng.net.cn/server/pkg/encoding/des.go:18.21,20.4 1 0
xiandeng.net.cn/server/pkg/encoding/des.go:23.55,26.16 3 0
xiandeng.net.cn/server/pkg/encoding/des.go:26.16,28.3 1 0
xiandeng.net.cn/server/pkg/encoding/des.go:29.2,31.22 3 0
xiandeng.net.cn/server/pkg/encoding/des.go:31.22,33.3 1 0
xiandeng.net.cn/server/pkg/encoding/des.go:34.2,36.19 3 0
xiandeng.net.cn/server/pkg/encoding/des.go:36.19,40.3 3 0
xiandeng.net.cn/server/pkg/encoding/des.go:41.2,41.37 1 0
xiandeng.net.cn/server/pkg/encoding/des.go:44.60,46.16 2 0
xiandeng.net.cn/server/pkg/encoding/des.go:46.16,48.3 1 0
xiandeng.net.cn/server/pkg/encoding/des.go:49.2,50.16 2 0
xiandeng.net.cn/server/pkg/encoding/des.go:50.16,52.3 1 0
xiandeng.net.cn/server/pkg/encoding/des.go:53.2,56.22 4 0
xiandeng.net.cn/server/pkg/encoding/des.go:56.22,58.3 1 0
xiandeng.net.cn/server/pkg/encoding/des.go:59.2,59.19 1 0
xiandeng.net.cn/server/pkg/encoding/des.go:59.19,63.3 3 0
xiandeng.net.cn/server/pkg/encoding/des.go:64.2,65.25 2 0
xiandeng.net.cn/server/pkg/config/loader.go:17.103,24.2 1 0
xiandeng.net.cn/server/pkg/config/loader.go:27.52,29.23 2 0
xiandeng.net.cn/server/pkg/config/loader.go:29.23,30.63 1 0
xiandeng.net.cn/server/pkg/config/loader.go:32.2,36.47 4 0
xiandeng.net.cn/server/pkg/config/loader.go:36.47,37.61 1 0
xiandeng.net.cn/server/pkg/config/loader.go:39.2,39.93 1 0
xiandeng.net.cn/server/pkg/config/loader.go:39.93,40.61 1 0
xiandeng.net.cn/server/pkg/config/loader.go:43.2,45.48 2 0
xiandeng.net.cn/server/pkg/config/loader.go:45.48,47.49 2 0
xiandeng.net.cn/server/pkg/config/loader.go:47.49,48.62 1 0
xiandeng.net.cn/server/pkg/config/loader.go:50.3,50.19 1 0
xiandeng.net.cn/server/pkg/config/loader.go:52.2,54.13 2 0
xiandeng.net.cn/server/pkg/config/loader.go:58.30,60.53 2 0
xiandeng.net.cn/server/pkg/config/loader.go:60.53,62.3 1 0
xiandeng.net.cn/server/pkg/config/loader.go:63.2,65.46 3 0
xiandeng.net.cn/server/pkg/config/loader.go:65.46,66.61 1 0
xiandeng.net.cn/server/pkg/config/loader.go:69.2,71.46 2 0
xiandeng.net.cn/server/pkg/config/loader.go:71.46,73.47 2 0
xiandeng.net.cn/server/pkg/config/loader.go:73.47,74.62 1 0
xiandeng.net.cn/server/pkg/config/loader.go:76.3,76.19 1 0
xiandeng.net.cn/server/pkg/config/loader.go:78.2,79.13 2 0
xiandeng.net.cn/server/pkg/config/loader.go:82.51,83.32 1 0
xiandeng.net.cn/server/pkg/config/loader.go:83.32,85.17 2 0
xiandeng.net.cn/server/pkg/config/loader.go:85.17,87.4 1 0
xiandeng.net.cn/server/pkg/config/loader.go:89.2,89.12 1 0
xiandeng.net.cn/server/pkg/config/loader.go:97.31,103.14 2 0
xiandeng.net.cn/server/pkg/config/loader.go:103.14,106.3 2 0
xiandeng.net.cn/server/pkg/config/loader.go:107.2,107.25 1 0
xiandeng.net.cn/server/pkg/config/loader.go:107.25,108.63 1 0
xiandeng.net.cn/server/pkg/config/model.go:56.39,58.2 1 0
xiandeng.net.cn/server/internal/services/account.go:41.100,45.2 1 0
xiandeng.net.cn/server/internal/services/account.go:47.118,52.16 2 0
xiandeng.net.cn/server/internal/services/account.go:52.16,54.3 1 0
xiandeng.net.cn/server/internal/services/account.go:55.2,55.20 1 0
xiandeng.net.cn/server/internal/services/account.go:58.103,60.2 1 0
xiandeng.net.cn/server/internal/services/account.go:62.159,64.2 1 0
xiandeng.net.cn/server/internal/services/account.go:66.126,71.2 1 0
xiandeng.net.cn/server/internal/services/account.go:73.121,75.2 1 0
xiandeng.net.cn/server/internal/services/account.go:77.144,79.2 1 0
xiandeng.net.cn/server/internal/services/account.go:81.185,83.22 2 0
xiandeng.net.cn/server/internal/services/account.go:83.22,85.3 1 0
xiandeng.net.cn/server/internal/services/account.go:86.2,87.22 2 0
xiandeng.net.cn/server/internal/services/account.go:87.22,89.3 1 0
xiandeng.net.cn/server/internal/services/account.go:90.2,90.28 1 0
xiandeng.net.cn/server/internal/services/account.go:90.28,93.3 2 0
xiandeng.net.cn/server/internal/services/account.go:94.2,98.4 1 0
xiandeng.net.cn/server/internal/services/account.go:101.91,103.2 1 0
xiandeng.net.cn/server/internal/services/account.go:105.164,107.2 1 0
xiandeng.net.cn/server/internal/services/account.go:109.130,114.2 1 0
xiandeng.net.cn/server/internal/services/account.go:116.104,117.26 1 0
xiandeng.net.cn/server/internal/services/account.go:117.26,119.3 1 0
xiandeng.net.cn/server/internal/services/account.go:120.2,124.16 4 0
xiandeng.net.cn/server/internal/services/account.go:124.16,126.3 1 0
xiandeng.net.cn/server/internal/services/account.go:129.2,130.16 2 0
xiandeng.net.cn/server/internal/services/account.go:130.16,132.3 1 0
xiandeng.net.cn/server/internal/services/account.go:135.2,135.57 1 0
xiandeng.net.cn/server/internal/services/account.go:135.57,142.17 3 0
xiandeng.net.cn/server/internal/services/account.go:142.17,144.4 1 0
xiandeng.net.cn/server/internal/services/account.go:147.2,147.23 1 0
xiandeng.net.cn/server/internal/services/account.go:150.136,153.16 3 0
xiandeng.net.cn/server/internal/services/account.go:153.16,155.3 1 0
xiandeng.net.cn/server/internal/services/account.go:156.2,156.27 1 0
xiandeng.net.cn/server/internal/services/account.go:156.27,158.3 1 0
xiandeng.net.cn/server/internal/services/account.go:159.2,160.9 2 0
xiandeng.net.cn/server/internal/services/account.go:160.9,162.3 1 0
xiandeng.net.cn/server/internal/services/account.go:163.2,164.9 2 0
xiandeng.net.cn/server/internal/services/account.go:164.9,166.3 1 0
xiandeng.net.cn/server/internal/services/account.go:167.2,167.17 1 0
xiandeng.net.cn/server/internal/services/account.go:170.157,172.2 1 0
xiandeng.net.cn/server/internal/services/account.go:174.164,179.2 1 0
xiandeng.net.cn/server/internal/services/account.go:181.165,186.2 1 0
xiandeng.net.cn/server/internal/services/account.go:188.130,190.2 1 0
xiandeng.net.cn/server/internal/services/account.go:192.136,198.2 1 0
xiandeng.net.cn/server/internal/services/account.go:200.128,206.2 1 0
xiandeng.net.cn/server/internal/services/account.go:208.121,214.2 1 0
xiandeng.net.cn/server/internal/services/adjustment.go:30.106,34.2 1 0
xiandeng.net.cn/server/internal/services/adjustment.go:43.9,51.16 2 0
xiandeng.net.cn/server/internal/services/adjustment.go:51.16,53.3 1 0
xiandeng.net.cn/server/internal/services/adjustment.go:54.2,54.12 1 0
xiandeng.net.cn/server/internal/services/adjustment.go:57.115,59.16 2 0
xiandeng.net.cn/server/internal/services/adjustment.go:59.16,61.3 1 0
xiandeng.net.cn/server/internal/services/adjustment.go:62.2,62.21 1 0
xiandeng.net.cn/server/internal/services/auth.go:44.129,49.2 1 0
xiandeng.net.cn/server/internal/services/auth.go:51.92,53.16 2 0
xiandeng.net.cn/server/internal/services/auth.go:53.16,55.3 1 0
xiandeng.net.cn/server/internal/services/auth.go:55.8,56.45 1 0
xiandeng.net.cn/server/internal/services/auth.go:56.45,58.4 1 0
xiandeng.net.cn/server/internal/services/auth.go:58.9,61.4 2 0
xiandeng.net.cn/server/internal/services/auth.go:66.94,68.2 1 0
xiandeng.net.cn/server/internal/services/auth.go:70.161,79.24 4 0
xiandeng.net.cn/server/internal/services/auth.go:79.24,83.3 3 0
[...]
xiandeng.net.cn/server/pkg/utils/model_util/model_transform.go:64.50,65.16 1 0
xiandeng.net.cn/server/pkg/utils/model_util/model_transform.go:65.16,67.3 1 0
xiandeng.net.cn/server/pkg/utils/model_util/model_transform.go:67.8,69.3 1 0
xiandeng.net.cn/server/pkg/utils/model_util/model_transform.go:72.88,74.23 2 0
xiandeng.net.cn/server/pkg/utils/model_util/model_transform.go:74.23,92.3 1 0
xiandeng.net.cn/server/pkg/utils/model_util/model_transform.go:93.2,93.12 1 0
xiandeng.net.cn/server/pkg/utils/string_util/strings.go:11.38,17.30 4 0
xiandeng.net.cn/server/pkg/utils/string_util/strings.go:17.30,21.3 3 0
xiandeng.net.cn/server/pkg/utils/string_util/strings.go:22.2,22.26 1 0
xiandeng.net.cn/server/pkg/utils/string_util/strings.go:25.38,31.30 4 0
xiandeng.net.cn/server/pkg/utils/string_util/strings.go:31.30,35.3 3 0
xiandeng.net.cn/server/pkg/utils/string_util/strings.go:36.2,36.26 1 0
xiandeng.net.cn/server/pkg/utils/string_util/strings.go:39.42,42.2 2 0
xiandeng.net.cn/server/pkg/utils/string_util/strings.go:44.41,45.14 1 0
xiandeng.net.cn/server/pkg/utils/string_util/strings.go:45.14,47.3 1 0
xiandeng.net.cn/server/pkg/utils/string_util/strings.go:48.2,48.11 1 0
xiandeng.net.cn/server/pkg/utils/time_util/timezone.go:5.32,8.2 2 0
xiandeng.net.cn/server/pkg/utils/time_util/timezone.go:10.44,13.2 2 0
xiandeng.net.cn/server/pkg/validate/validate.go:13.41,14.21 1 0
xiandeng.net.cn/server/pkg/validate/validate.go:14.21,17.3 2 0
xiandeng.net.cn/server/pkg/validate/validate.go:18.2,18.17 1 0
xiandeng.net.cn/server/pkg/validate/validate.go:22.62,27.2 4 0
xiandeng.net.cn/server/pkg/web/web.go:23.50,26.2 2 0
xiandeng.net.cn/server/pkg/web/web.go:29.61,31.27 2 0
xiandeng.net.cn/server/pkg/web/web.go:31.27,33.3 1 0
xiandeng.net.cn/server/pkg/web/web.go:34.2,34.31 1 0
xiandeng.net.cn/server/pkg/web/web.go:37.65,38.20 1 0
xiandeng.net.cn/server/pkg/web/web.go:38.20,40.3 1 0
xiandeng.net.cn/server/pkg/web/web.go:41.2,41.28 1 0
xiandeng.net.cn/server/pkg/web/web.go:41.28,42.27 1 0
xiandeng.net.cn/server/pkg/web/web.go:42.27,44.4 1 0
xiandeng.net.cn/server/pkg/web/web.go:48.133,52.17 3 0
xiandeng.net.cn/server/pkg/web/web.go:52.17,55.3 2 0
xiandeng.net.cn/server/pkg/web/web.go:55.8,57.3 1 0
xiandeng.net.cn/server/pkg/web/web.go:58.2,62.13 4 0
xiandeng.net.cn/server/pkg/web/web.go:65.73,67.2 0 0
xiandeng.net.cn/server/pkg/web/web.go:77.81,84.2 1 0
xiandeng.net.cn/server/pkg/web/web.go:86.45,92.2 1 0
xiandeng.net.cn/server/pkg/web/models/models_gen.go:50.75,53.20 3 0
xiandeng.net.cn/server/pkg/web/models/models_gen.go:53.20,55.3 1 0
xiandeng.net.cn/server/pkg/web/models/models_gen.go:56.2,56.22 1 0
xiandeng.net.cn/server/pkg/web/models/models_gen.go:56.22,58.3 1 0
xiandeng.net.cn/server/pkg/web/models/models_gen.go:59.2,59.23 1 0
xiandeng.net.cn/server/pkg/web/models/models_gen.go:59.23,61.3 1 0
xiandeng.net.cn/server/pkg/web/models/models_gen.go:62.2,62.19 1 0
xiandeng.net.cn/server/pkg/web/models/models_gen.go:62.19,64.3 1 0
xiandeng.net.cn/server/pkg/web/models/models_gen.go:65.2,65.19 1 0
xiandeng.net.cn/server/pkg/web/models/models_gen.go:65.19,67.3 1 0
xiandeng.net.cn/server/pkg/web/models/models_gen.go:68.2,68.30 1 0
xiandeng.net.cn/server/pkg/web/models/models_gen.go:68.30,70.3 1 0
xiandeng.net.cn/server/pkg/web/models/models_gen.go:71.2,71.31 1 0
xiandeng.net.cn/server/pkg/web/models/models_gen.go:71.31,73.3 1 0
xiandeng.net.cn/server/pkg/web/models/models_gen.go:74.2,74.34 1 0
xiandeng.net.cn/server/pkg/web/models/models_gen.go:74.34,76.3 1 0
xiandeng.net.cn/server/pkg/web/models/models_gen.go:77.2,77.24 1 0
xiandeng.net.cn/server/pkg/web/models/models_gen.go:77.24,79.3 1 0
xiandeng.net.cn/server/pkg/web/models/models_gen.go:80.2,80.29 1 0
xiandeng.net.cn/server/pkg/web/models/models_gen.go:80.29,82.3 1 0
xiandeng.net.cn/server/pkg/web/models/models_gen.go:83.2,83.27 1 0
xiandeng.net.cn/server/pkg/web/models/models_gen.go:83.27,85.3 1 0
xiandeng.net.cn/server/pkg/web/models/models_gen.go:86.2,86.32 1 0
xiandeng.net.cn/server/pkg/web/models/models_gen.go:86.32,88.3 1 0
xiandeng.net.cn/server/pkg/web/models/models_gen.go:89.2,89.12 1 0
xiandeng.net.cn/server/pkg/web/models/models_gen.go:117.37,118.11 1 0
xiandeng.net.cn/server/pkg/web/models/models_gen.go:119.112,120.14 1 0
xiandeng.net.cn/server/pkg/web/models/models_gen.go:122.2,122.14 1 0
xiandeng.net.cn/server/pkg/web/models/models_gen.go:125.38,127.2 1 0
xiandeng.net.cn/server/pkg/web/models/models_gen.go:148.41,149.11 1 0
xiandeng.net.cn/server/pkg/web/models/models_gen.go:150.129,151.14 1 0
xiandeng.net.cn/server/pkg/web/models/models_gen.go:153.2,153.14 1 0
xiandeng.net.cn/server/pkg/web/models/models_gen.go:156.42,158.2 1 0
xiandeng.net.cn/server/pkg/web/response/response.go:10.81,17.2 1 0
xiandeng.net.cn/server/pkg/web/response/response.go:19.45,25.2 1 0
xiandeng.net.cn/server/pkg/wechat/sdk_api.go:11.79,21.2 4 0
xiandeng.net.cn/server/pkg/wechat/service.go:37.54,42.2 1 0
xiandeng.net.cn/server/pkg/wechat/service.go:48.75,49.40 1 0
xiandeng.net.cn/server/pkg/wechat/service.go:49.40,51.3 1 0
xiandeng.net.cn/server/pkg/wechat/service.go:52.2,52.30 1 0
xiandeng.net.cn/server/pkg/wechat/service.go:55.85,60.16 3 0
xiandeng.net.cn/server/pkg/wechat/service.go:60.16,61.60 1 0
xiandeng.net.cn/server/pkg/wechat/service.go:63.2,63.29 1 0
xiandeng.net.cn/server/pkg/wechat/service.go:63.29,64.53 1 0
xiandeng.net.cn/server/pkg/wechat/service.go:64.53,71.4 1 0
xiandeng.net.cn/server/pkg/wechat/service.go:71.9,76.4 1 0
xiandeng.net.cn/server/pkg/wechat/service.go:79.2,80.12 2 0
xiandeng.net.cn/server/pkg/wechat/service.go:83.44,85.2 1 0
xiandeng.net.cn/server/pkg/wechat/service.go:87.98,96.16 4 0
xiandeng.net.cn/server/pkg/wechat/service.go:96.16,98.3 1 0
xiandeng.net.cn/server/pkg/wechat/service.go:100.2,103.16 4 0
xiandeng.net.cn/server/pkg/wechat/service.go:103.16,105.3 1 0
xiandeng.net.cn/server/pkg/wechat/service.go:106.2,106.28 1 0
xiandeng.net.cn/server/pkg/wechat/service.go:117.94,121.16 4 0
xiandeng.net.cn/server/pkg/wechat/service.go:121.16,123.3 1 0
xiandeng.net.cn/server/pkg/wechat/service.go:124.2,127.16 4 0
xiandeng.net.cn/server/pkg/wechat/service.go:127.16,129.3 1 0
xiandeng.net.cn/server/pkg/wechat/service.go:130.2,130.23 1 0
xiandeng.net.cn/server/pkg/wechat/service.go:133.80,135.16 2 0
xiandeng.net.cn/server/pkg/wechat/service.go:135.16,137.3 1 0
xiandeng.net.cn/server/pkg/wechat/service.go:139.2,140.16 2 0
xiandeng.net.cn/server/pkg/wechat/service.go:140.16,142.3 1 0
xiandeng.net.cn/server/pkg/wechat/service.go:143.2,143.20 1 0
xiandeng.net.cn/server/pkg/wechat_login/core.go:16.32,17.11 1 0
xiandeng.net.cn/server/pkg/wechat_login/core.go:18.13,19.17 1 0
xiandeng.net.cn/server/pkg/wechat_login/core.go:20.14,21.18 1 0
xiandeng.net.cn/server/pkg/wechat_login/core.go:22.10,23.56 1 0
xiandeng.net.cn/server/pkg/wechat_login/core.go:33.47,36.2 2 0
xiandeng.net.cn/server/pkg/wechat_login/core.go:40.115,48.2 3 0
xiandeng.net.cn/server/pkg/wechatpay/wechat_pay.go:34.63,38.26 2 0
xiandeng.net.cn/server/pkg/wechatpay/wechat_pay.go:38.26,58.17 3 0
xiandeng.net.cn/server/pkg/wechatpay/wechat_pay.go:58.17,63.4 4 0
xiandeng.net.cn/server/pkg/wechatpay/wechat_pay.go:65.3,65.28 1 0
xiandeng.net.cn/server/pkg/wechatpay/wechat_pay.go:66.8,68.3 1 0
xiandeng.net.cn/server/pkg/wechatpay/wechat_pay.go:70.2,74.8 1 0
xiandeng.net.cn/server/pkg/wechatpay/wechat_pay.go:77.114,78.21 1 0
xiandeng.net.cn/server/pkg/wechatpay/wechat_pay.go:78.21,80.3 1 0
xiandeng.net.cn/server/pkg/wechatpay/wechat_pay.go:81.2,86.16 3 0
xiandeng.net.cn/server/pkg/wechatpay/wechat_pay.go:86.16,90.3 3 0
xiandeng.net.cn/server/pkg/wechatpay/wechat_pay.go:91.2,91.24 1 0
xiandeng.net.cn/server/pkg/wechatpay/wechat_pay.go:101.70,106.16 5 0
xiandeng.net.cn/server/pkg/wechatpay/wechat_pay.go:106.16,107.27 1 0
xiandeng.net.cn/server/pkg/wechatpay/wechat_pay.go:107.27,109.4 1 0
xiandeng.net.cn/server/pkg/wechatpay/wechat_pay.go:110.3,115.9 1 0
xiandeng.net.cn/server/pkg/wechatpay/wechat_pay.go:117.2,118.16 2 0
xiandeng.net.cn/server/pkg/wechatpay/wechat_pay.go:118.16,119.27 1 0
xiandeng.net.cn/server/pkg/wechatpay/wechat_pay.go:119.27,121.4 1 0
xiandeng.net.cn/server/pkg/wechatpay/wechat_pay.go:122.3,122.23 1 0
xiandeng.net.cn/server/pkg/wechatpay/wechat_pay.go:126.2,131.8 1 0
xiandeng.net.cn/server/pkg/wechatpay/wechat_pay.go:134.104,141.16 2 0
xiandeng.net.cn/server/pkg/wechatpay/wechat_pay.go:141.16,143.3 1 0
xiandeng.net.cn/server/pkg/wechatpay/wechat_pay.go:144.2,146.16 3 0
xiandeng.net.cn/server/pkg/wechatpay/wechat_pay.go:146.16,148.3 1 0
xiandeng.net.cn/server/pkg/wechatpay/wechat_pay.go:149.2,149.30 1 0
xiandeng.net.cn/server/pkg/wechatpay/wechat_pay.go:152.82,153.21 1 0
xiandeng.net.cn/server/pkg/wechatpay/wechat_pay.go:153.21,155.3 1 0
xiandeng.net.cn/server/pkg/wechatpay/wechat_pay.go:157.2,162.16 3 0
xiandeng.net.cn/server/pkg/wechatpay/wechat_pay.go:162.16,164.3 1 0
xiandeng.net.cn/server/pkg/wechatpay/wechat_pay.go:165.2,165.12 1 0
xiandeng.net.cn/server/pkg/wechatpay/wechat_pay.go:168.63,169.27 1 0
xiandeng.net.cn/server/pkg/wechatpay/wechat_pay.go:169.27,176.3 1 0
xiandeng.net.cn/server/pkg/wechatpay/wechat_pay.go:179.2,180.16 2 0
xiandeng.net.cn/server/pkg/wechatpay/wechat_pay.go:180.16,182.3 1 0
xiandeng.net.cn/server/pkg/wechatpay/wechat_pay.go:184.2,194.16 4 0
xiandeng.net.cn/server/pkg/wechatpay/wechat_pay.go:194.16,196.3 1 0
xiandeng.net.cn/server/pkg/wechatpay/wechat_pay.go:197.2,202.3 1 0
xiandeng.net.cn/server/schedule/main.go:17.59,18.30 1 0
xiandeng.net.cn/server/schedule/main.go:18.30,20.3 1 0
xiandeng.net.cn/server/schedule/main.go:23.29,25.2 1 0
xiandeng.net.cn/server/schedule/main.go:27.28,29.2 1 0
xiandeng.net.cn/server/schedule/main.go:35.61,37.2 1 0
xiandeng.net.cn/server/schedule/main.go:39.67,46.50 3 0
xiandeng.net.cn/server/schedule/main.go:46.50,48.3 1 0
xiandeng.net.cn/server/schedule/main.go:49.2,49.11 1 0
xiandeng.net.cn/server/services/cache/cache.go:31.32,32.17 1 0
xiandeng.net.cn/server/services/cache/cache.go:32.17,36.3 1 0
xiandeng.net.cn/server/services/cache/cache.go:37.2,37.10 1 0
xiandeng.net.cn/server/services/cache/invitation.go:16.86,18.2 1 0
xiandeng.net.cn/server/services/cache/invitation.go:20.100,22.12 2 0
xiandeng.net.cn/server/services/cache/invitation.go:22.12,24.3 1 0
xiandeng.net.cn/server/services/cache/invitation.go:25.2,25.12 1 0
xiandeng.net.cn/server/services/cache/invitation.go:25.12,27.3 1 0
xiandeng.net.cn/server/services/cache/invitation.go:28.2,28.38 1 0
xiandeng.net.cn/server/services/cache/wechat_auth.go:25.131,40.2 2 0
xiandeng.net.cn/server/services/cache/wechat_auth.go:42.108,44.11 2 0
xiandeng.net.cn/server/services/cache/wechat_auth.go:44.11,51.3 2 0
xiandeng.net.cn/server/services/cache/wechat_auth.go:51.8,53.39 2 0
xiandeng.net.cn/server/services/cache/wechat_auth.go:58.112,60.12 2 0
xiandeng.net.cn/server/services/cache/wechat_auth.go:60.12,62.3 1 0
xiandeng.net.cn/server/services/cache/wechat_auth.go:63.2,63.55 1 0
xiandeng.net.cn/server/services/cache/wechat_auth.go:66.62,68.2 1 0
xiandeng.net.cn/server/services/product/planning_report.go:20.71,30.2 1 0
xiandeng.net.cn/server/services/product/planning_report.go:32.116,34.44 2 0
xiandeng.net.cn/server/services/product/planning_report.go:34.44,36.17 2 0
xiandeng.net.cn/server/services/product/planning_report.go:36.17,38.4 1 0
xiandeng.net.cn/server/services/product/planning_report.go:40.2,44.16 4 0
xiandeng.net.cn/server/services/product/planning_report.go:44.16,46.3 1 0
xiandeng.net.cn/server/services/product/planning_report.go:48.2,49.16 2 0
xiandeng.net.cn/server/services/product/planning_report.go:49.16,51.3 1 0
xiandeng.net.cn/server/services/product/planning_report.go:52.2,52.23 1 0
xiandeng.net.cn/server/services/product/planning_report.go:57.71,59.16 2 0
xiandeng.net.cn/server/services/product/planning_report.go:59.16,61.3 1 0
xiandeng.net.cn/server/services/product/planning_report.go:62.2,64.8 1 0
xiandeng.net.cn/server/services/product/recruit.go:12.37,17.16 5 0
xiandeng.net.cn/server/services/product/recruit.go:17.16,20.3 2 0
xiandeng.net.cn/server/services/product/recruit.go:22.2,23.25 2 0
xiandeng.net.cn/server/services/product/recruit.go:23.25,25.9 2 0
xiandeng.net.cn/server/services/product/recruit.go:25.9,27.4 1 0
xiandeng.net.cn/server/services/product/recruit.go:30.2,31.16 2 0
xiandeng.net.cn/server/services/product/recruit.go:31.16,34.3 2 0
xiandeng.net.cn/server/services/product/recruit.go:36.2,36.52 1 0
xiandeng.net.cn/server/services/scraper/main.go:37.52,38.22 1 0
xiandeng.net.cn/server/services/scraper/main.go:38.22,40.3 1 0
xiandeng.net.cn/server/services/scraper/main.go:40.8,41.24 1 0
xiandeng.net.cn/server/services/scraper/main.go:41.24,43.4 1 0
xiandeng.net.cn/server/services/scraper/main.go:45.2,45.22 1 0
xiandeng.net.cn/server/services/scraper/main.go:48.42,49.22 1 0
xiandeng.net.cn/server/services/scraper/main.go:49.22,51.3 1 0
xiandeng.net.cn/server/services/scraper/main.go:52.2,53.22 2 0
xiandeng.net.cn/server/services/scraper/main.go:56.59,59.2 2 0
xiandeng.net.cn/server/services/scraper/main.go:63.38,64.26 1 0
xiandeng.net.cn/server/services/scraper/main.go:64.26,67.3 2 0
xiandeng.net.cn/server/services/scraper/main.go:70.38,71.26 1 0
xiandeng.net.cn/server/services/scraper/main.go:71.26,74.3 2 0
xiandeng.net.cn/server/services/scraper/main.go:78.46,79.26 1 0
xiandeng.net.cn/server/services/scraper/main.go:79.26,82.3 2 0
xiandeng.net.cn/server/services/scraper/main.go:85.43,86.26 1 0
xiandeng.net.cn/server/services/scraper/main.go:86.26,88.3 1 0
xiandeng.net.cn/server/services/scraper/main.go:91.51,92.30 1 0
xiandeng.net.cn/server/services/scraper/main.go:92.30,94.3 1 0
xiandeng.net.cn/server/services/scraper/main.go:96.2,100.20 4 0
xiandeng.net.cn/server/services/scraper/main.go:100.20,102.3 1 0
xiandeng.net.cn/server/services/scraper/main.go:102.8,104.3 1 0
xiandeng.net.cn/server/services/scraper/main.go:105.2,105.16 1 0
xiandeng.net.cn/server/services/scraper/main.go:105.16,108.3 2 0
xiandeng.net.cn/server/services/scraper/main.go:110.2,110.16 1 0
xiandeng.net.cn/server/services/scraper/main.go:110.16,112.29 2 0
xiandeng.net.cn/server/services/scraper/main.go:112.29,114.4 1 0
xiandeng.net.cn/server/services/scraper/main.go:115.3,116.70 2 0
xiandeng.net.cn/server/services/scraper/main.go:119.2,119.19 1 0
xiandeng.net.cn/server/services/scraper/main.go:119.19,120.31 1 0
xiandeng.net.cn/server/services/scraper/main.go:120.31,122.4 1 0
xiandeng.net.cn/server/services/scraper/main.go:125.2,125.16 1 0
xiandeng.net.cn/server/services/scraper/main.go:125.16,128.3 2 0
xiandeng.net.cn/server/services/scraper/main.go:130.2,132.16 2 0
xiandeng.net.cn/server/services/scraper/main.go:132.16,135.3 2 0
xiandeng.net.cn/server/services/scraper/main.go:136.2,136.28 1 0
xiandeng.net.cn/server/services/scraper/main.go:136.28,139.3 2 0
xiandeng.net.cn/server/services/scraper/main.go:141.2,142.12 2 0
xiandeng.net.cn/server/services/scraper/main.go:145.42,147.2 1 0
xiandeng.net.cn/server/services/scraper/main.go:149.40,151.21 2 0
xiandeng.net.cn/server/services/scraper/main.go:151.21,153.3 1 0
xiandeng.net.cn/server/services/scraper/main.go:154.2,155.20 2 0
xiandeng.net.cn/server/services/scraper/recruit.go:48.35,49.51 1 0
xiandeng.net.cn/server/services/scraper/recruit.go:49.51,52.17 3 0
xiandeng.net.cn/server/services/scraper/recruit.go:52.17,54.4 1 0
xiandeng.net.cn/server/services/scraper/recruit.go:55.3,56.17 2 0
xiandeng.net.cn/server/services/scraper/recruit.go:56.17,58.4 1 0
xiandeng.net.cn/server/services/scraper/recruit.go:59.3,59.23 1 0
xiandeng.net.cn/server/services/scraper/recruit.go:59.23,61.4 1 0
xiandeng.net.cn/server/services/scraper/recruit.go:62.3,62.35 1 0
xiandeng.net.cn/server/services/scraper/recruit.go:66.82,78.16 4 0
xiandeng.net.cn/server/services/scraper/recruit.go:78.16,80.3 1 0
xiandeng.net.cn/server/services/scraper/recruit.go:82.2,83.16 2 0
xiandeng.net.cn/server/services/scraper/recruit.go:83.16,85.3 1 0
xiandeng.net.cn/server/services/scraper/recruit.go:86.2,86.17 1 0
xiandeng.net.cn/server/services/scraper/recruit.go:86.17,89.3 2 0
xiandeng.net.cn/server/services/scraper/recruit.go:91.2,92.38 2 0
xiandeng.net.cn/server/services/scraper/recruit.go:92.38,94.17 2 0
xiandeng.net.cn/server/services/scraper/recruit.go:94.17,97.4 2 0
xiandeng.net.cn/server/services/scraper/recruit.go:98.3,99.17 2 0
xiandeng.net.cn/server/services/scraper/recruit.go:101.2,101.31 1 0
xiandeng.net.cn/server/services/scraper/recruit.go:104.42,112.2 5 0
xiandeng.net.cn/server/services/scraper/recruit_item.go:29.40,30.52 1 0
xiandeng.net.cn/server/services/scraper/recruit_item.go:30.52,33.17 3 0
xiandeng.net.cn/server/services/scraper/recruit_item.go:33.17,35.4 1 0
xiandeng.net.cn/server/services/scraper/recruit_item.go:36.3,37.17 2 0
xiandeng.net.cn/server/services/scraper/recruit_item.go:37.17,39.4 1 0
xiandeng.net.cn/server/services/scraper/recruit_item.go:40.3,40.27 1 0
xiandeng.net.cn/server/services/scraper/recruit_item.go:40.27,42.4 1 0
xiandeng.net.cn/server/services/scraper/recruit_item.go:43.3,43.31 1 0
xiandeng.net.cn/server/services/scraper/recruit_item.go:51.74,54.16 3 0
xiandeng.net.cn/server/services/scraper/recruit_item.go:54.16,56.3 1 0
xiandeng.net.cn/server/services/scraper/recruit_item.go:58.2,59.16 2 0
xiandeng.net.cn/server/services/scraper/recruit_item.go:59.16,61.3 1 0
xiandeng.net.cn/server/services/scraper/recruit_item.go:62.2,62.18 1 0
xiandeng.net.cn/server/services/scraper/recruit_item.go:65.50,72.2 4 0
xiandeng.net.cn/server/services/scraper/study_suggestion.go:15.46,16.52 1 0
xiandeng.net.cn/server/services/scraper/study_suggestion.go:16.52,19.17 3 0
xiandeng.net.cn/server/services/scraper/study_suggestion.go:19.17,21.4 1 0
xiandeng.net.cn/server/services/scraper/study_suggestion.go:22.3,23.17 2 0
xiandeng.net.cn/server/services/scraper/study_suggestion.go:23.17,25.4 1 0
xiandeng.net.cn/server/services/scraper/study_suggestion.go:26.3,26.23 1 0
xiandeng.net.cn/server/services/scraper/study_suggestion.go:53.120,56.16 3 0
xiandeng.net.cn/server/services/scraper/study_suggestion.go:56.16,58.3 1 0
xiandeng.net.cn/server/services/scraper/study_suggestion.go:59.2,64.16 2 0
xiandeng.net.cn/server/services/scraper/study_suggestion.go:64.16,66.3 1 0
xiandeng.net.cn/server/services/scraper/study_suggestion.go:68.2,69.16 2 0
xiandeng.net.cn/server/services/scraper/study_suggestion.go:69.16,71.3 1 0
xiandeng.net.cn/server/services/scraper/study_suggestion.go:72.2,72.18 1 0
xiandeng.net.cn/server/services/scraper/study_suggestion.go:75.76,79.2 3 0
xiandeng.net.cn/server/services/signup/invitation.go:6.61,8.2 1 0
xiandeng.net.cn/server/services/signup/invitation.go:10.63,10.64 0 0
xiandeng.net.cn/server/tasks/server/ai_tasks.go:22.19,26.16 3 0
xiandeng.net.cn/server/tasks/server/ai_tasks.go:26.16,28.3 1 0
xiandeng.net.cn/server/tasks/server/ai_tasks.go:30.2,51.16 5 0
xiandeng.net.cn/server/tasks/server/ai_tasks.go:51.16,53.3 1 0
xiandeng.net.cn/server/tasks/server/ai_tasks.go:55.2,55.20 1 0
xiandeng.net.cn/server/tasks/server/common_tasks.go:12.49,16.2 3 0
xiandeng.net.cn/server/tasks/server/common_tasks.go:18.69,25.2 5 0
xiandeng.net.cn/server/tasks/server/server.go:71.75,78.2 2 0
xiandeng.net.cn/server/tasks/server/server.go:80.52,83.2 2 0
xiandeng.net.cn/server/tasks/server/server.go:85.49,87.2 1 0
xiandeng.net.cn/server/tasks/server/server.go:89.50,91.2 1 0
xiandeng.net.cn/server/tasks/server/server.go:92.36,107.16 3 0
xiandeng.net.cn/server/tasks/server/server.go:107.16,108.13 1 0
xiandeng.net.cn/server/tasks/server/server.go:111.2,112.16 2 0
xiandeng.net.cn/server/tasks/server/server.go:112.16,114.3 1 0
xiandeng.net.cn/server/tasks/server/server.go:115.2,123.34 3 0
xiandeng.net.cn/server/tasks/server/server.go:123.34,125.3 1 0
xiandeng.net.cn/server/tasks/server/server.go:127.2,132.16 5 0
xiandeng.net.cn/server/tasks/server/server.go:132.16,134.3 1 0
xiandeng.net.cn/server/tasks/server/server.go:135.2,135.12 1 0
xiandeng.net.cn/server/tasks/server/server.go:138.61,152.2 6 0
